[    0.000000] Initializing cgroup subsys cpuset
[    0.000000] Initializing cgroup subsys cpu
[    0.000000] Initializing cgroup subsys cpuacct
[    0.000000] Linux version 4.4.0-210-generic (buildd@lgw01-amd64-009) (gcc version 5.4.0 20160609 (Ubuntu 5.4.0-6ubuntu1~16.04.12) ) #242-Ubuntu SMP Fri Apr 16 09:57:56 UTC 2021 (Ubuntu 4.4.0-210.242-generic 4.4.262)
[    0.000000] Command line: BOOT_IMAGE=/boot/vmlinuz-4.4.0-210-generic root=LABEL=cloudimg-rootfs ro console=tty1 console=ttyS0
[    0.000000] KERNEL supported cpus:
[    0.000000]   Intel GenuineIntel
[    0.000000]   AMD AuthenticAMD
[    0.000000]   Centaur CentaurHauls
[    0.000000] x86/fpu: xstate_offset[2]:  576, xstate_sizes[2]:  256
[    0.000000] x86/fpu: Supporting XSAVE feature 0x01: 'x87 floating point registers'
[    0.000000] x86/fpu: Supporting XSAVE feature 0x02: 'SSE registers'
[    0.000000] x86/fpu: Supporting XSAVE feature 0x04: 'AVX registers'
[    0.000000] x86/fpu: Enabled xstate features 0x7, context size is 832 bytes, using 'standard' format.
[    0.000000] e820: BIOS-provided physical RAM map:
[    0.000000] BIOS-e820: [mem 0x0000000000000000-0x000000000009fbff] usable
[    0.000000] BIOS-e820: [mem 0x000000000009fc00-0x000000000009ffff] reserved
[    0.000000] BIOS-e820: [mem 0x00000000000f0000-0x00000000000fffff] reserved
[    0.000000] BIOS-e820: [mem 0x0000000000100000-0x000000003ffeffff] usable
[    0.000000] BIOS-e820: [mem 0x000000003fff0000-0x000000003fffffff] ACPI data
[    0.000000] BIOS-e820: [mem 0x00000000fec00000-0x00000000fec00fff] reserved
[    0.000000] BIOS-e820: [mem 0x00000000fee00000-0x00000000fee00fff] reserved
[    0.000000] BIOS-e820: [mem 0x00000000fffc0000-0x00000000ffffffff] reserved
[    0.000000] NX (Execute Disable) protection: active
[    0.000000] SMBIOS 2.5 present.
[    0.000000] Hypervisor detected: KVM
[    0.000000] e820: last_pfn = 0x3fff0 max_arch_pfn = 0x400000000
[    0.000000] MTRR: Disabled
[    0.000000] x86/PAT: MTRRs disabled, skipping PAT initialization too.
[    0.000000] CPU MTRRs all blank - virtualized system.
[    0.000000] x86/PAT: Configuration [0-7]: WB  WT  UC- UC  WB  WT  UC- UC  
[    0.000000] found SMP MP-table at [mem 0x0009fff0-0x0009ffff] mapped at [ffff88000009fff0]
[    0.000000] Scanning 1 areas for low memory corruption
[    0.000000] RAMDISK: [mem 0x362dc000-0x37165fff]
[    0.000000] ACPI: Early table checksum verification disabled
[    0.000000] ACPI: RSDP 0x00000000000E0000 000024 (v02 VBOX  )
[    0.000000] ACPI: XSDT 0x000000003FFF0030 00003C (v01 VBOX   VBOXXSDT 00000001 ASL  00000061)
[    0.000000] ACPI: FACP 0x000000003FFF00F0 0000F4 (v04 VBOX   VBOXFACP 00000001 ASL  00000061)
[    0.000000] ACPI: DSDT 0x000000003FFF0470 002325 (v02 VBOX   VBOXBIOS 00000002 INTL 20180105)
[    0.000000] ACPI: FACS 0x000000003FFF0200 000040
[    0.000000] ACPI: FACS 0x000000003FFF0200 000040
[    0.000000] ACPI: APIC 0x000000003FFF0240 00005C (v02 VBOX   VBOXAPIC 00000001 ASL  00000061)
[    0.000000] ACPI: SSDT 0x000000003FFF02A0 0001CC (v01 VBOX   VBOXCPUT 00000002 INTL 20180105)
[    0.000000] No NUMA configuration found
[    0.000000] Faking a node at [mem 0x0000000000000000-0x000000003ffeffff]
[    0.000000] NODE_DATA(0) allocated [mem 0x3ffeb000-0x3ffeffff]
[    0.000000] kvm-clock: Using msrs 4b564d01 and 4b564d00
[    0.000000] kvm-clock: cpu 0, msr 0:3ffe3001, primary cpu clock
[    0.000000] kvm-clock: using sched offset of 3501992547 cycles
[    0.000000] clocksource: kvm-clock: mask: 0xffffffffffffffff max_cycles: 0x1cd42e4dffb, max_idle_ns: 881590591483 ns
[    0.000000] Zone ranges:
[    0.000000]   DMA      [mem 0x0000000000001000-0x0000000000ffffff]
[    0.000000]   DMA32    [mem 0x0000000001000000-0x000000003ffeffff]
[    0.000000]   Normal   empty
[    0.000000]   Device   empty
[    0.000000] Movable zone start for each node
[    0.000000] Early memory node ranges
[    0.000000]   node   0: [mem 0x0000000000001000-0x000000000009efff]
[    0.000000]   node   0: [mem 0x0000000000100000-0x000000003ffeffff]
[    0.000000] Initmem setup node 0 [mem 0x0000000000001000-0x000000003ffeffff]
[    0.000000] ACPI: PM-Timer IO Port: 0x4008
[    0.000000] IOAPIC[0]: apic_id 2, version 32, address 0xfec00000, GSI 0-23
[    0.000000] ACPI: INT_SRC_OVR (bus 0 bus_irq 0 global_irq 2 dfl dfl)
[    0.000000] ACPI: INT_SRC_OVR (bus 0 bus_irq 9 global_irq 9 low level)
[    0.000000] Using ACPI (MADT) for SMP configuration information
[    0.000000] smpboot: Allowing 2 CPUs, 0 hotplug CPUs
[    0.000000] PM: Registered nosave memory: [mem 0x00000000-0x00000fff]
[    0.000000] PM: Registered nosave memory: [mem 0x0009f000-0x0009ffff]
[    0.000000] PM: Registered nosave memory: [mem 0x000a0000-0x000effff]
[    0.000000] PM: Registered nosave memory: [mem 0x000f0000-0x000fffff]
[    0.000000] e820: [mem 0x40000000-0xfebfffff] available for PCI devices
[    0.000000] Booting paravirtualized kernel on KVM
[    0.000000] clocksource: refined-jiffies: mask: 0xffffffff max_cycles: 0xffffffff, max_idle_ns: 7645519600211568 ns
[    0.000000] setup_percpu: NR_CPUS:512 nr_cpumask_bits:512 nr_cpu_ids:2 nr_node_ids:1
[    0.000000] PERCPU: Embedded 33 pages/cpu @ffff88003fc00000 s95192 r8192 d31784 u1048576
[    0.000000] Built 1 zonelists in Node order, mobility grouping on.  Total pages: 257912
[    0.000000] Policy zone: DMA32
[    0.000000] Kernel command line: BOOT_IMAGE=/boot/vmlinuz-4.4.0-210-generic root=LABEL=cloudimg-rootfs ro console=tty1 console=ttyS0
[    0.000000] PID hash table entries: 4096 (order: 3, 32768 bytes)
[    0.000000] Memory: 997792K/1048120K available (8644K kernel code, 1332K rwdata, 4044K rodata, 1492K init, 1164K bss, 50328K reserved, 0K cma-reserved)
[    0.000000] SLUB: HWalign=64, Order=0-3, MinObjects=0, CPUs=2, Nodes=1
[    0.000000] Kernel/User page tables isolation: enabled
[    0.000000] Hierarchical RCU implementation.
[    0.000000] 	Build-time adjustment of leaf fanout to 64.
[    0.000000] 	RCU restricting CPUs from NR_CPUS=512 to nr_cpu_ids=2.
[    0.000000] RCU: Adjusting geometry for rcu_fanout_leaf=64, nr_cpu_ids=2
[    0.000000] NR_IRQS:33024 nr_irqs:440 16
[    0.000000] Console: colour VGA+ 80x25
[    0.000000] console [tty1] enabled
[    0.000000] console [ttyS0] enabled
[    0.000000] tsc: Detected 3591.344 MHz processor
[    0.149013] Calibrating delay loop (skipped) preset value.. 7182.68 BogoMIPS (lpj=14365376)
[    0.150479] pid_max: default: 32768 minimum: 301
[    0.151279] ACPI: Core revision 20150930
[    0.152840] ACPI: 2 ACPI AML tables successfully acquired and loaded
[    0.153973] Security Framework initialized
[    0.154692] Yama: becoming mindful.
[    0.155356] AppArmor: AppArmor initialized
[    0.156153] Dentry cache hash table entries: 131072 (order: 8, 1048576 bytes)
[    0.158243] Inode-cache hash table entries: 65536 (order: 7, 524288 bytes)
[    0.159401] Mount-cache hash table entries: 2048 (order: 2, 16384 bytes)
[    0.160457] Mountpoint-cache hash table entries: 2048 (order: 2, 16384 bytes)
[    0.161732] Initializing cgroup subsys io
[    0.162508] Initializing cgroup subsys memory
[    0.163265] Initializing cgroup subsys devices
[    0.164025] Initializing cgroup subsys freezer
[    0.164815] Initializing cgroup subsys net_cls
[    0.165585] Initializing cgroup subsys perf_event
[    0.166392] Initializing cgroup subsys net_prio
[    0.167171] Initializing cgroup subsys hugetlb
[    0.167943] Initializing cgroup subsys pids
[    0.168753] mce: CPU supports 0 MCE banks
[    0.169524] Last level iTLB entries: 4KB 512, 2MB 8, 4MB 8
[    0.170422] Last level dTLB entries: 4KB 512, 2MB 32, 4MB 32, 1GB 0
[    0.171411] Spectre V1 : Mitigation: usercopy/swapgs barriers and __user pointer sanitization
[    0.172867] Spectre V2 : Mitigation: Full generic retpoline
[    0.173776] Spectre V2 : Spectre v2 / SpectreRSB mitigation: Filling RSB on context switch
[    0.175171] Speculative Store Bypass: Vulnerable
[    0.176051] MDS: Mitigation: Clear CPU buffers
[    0.179427] Freeing SMP alternatives memory: 36K
[    0.185938] ftrace: allocating 32380 entries in 127 pages
[    0.245846] smpboot: APIC(0) Converting physical 0 to logical package 0
[    0.246982] smpboot: Max logical packages: 1
[    0.247946] x2apic enabled
[    0.248824] Switched APIC routing to physical x2apic.
[    0.250691] ..TIMER: vector=0x30 apic1=0 pin1=2 apic2=-1 pin2=-1
[    0.359766] smpboot: CPU0: Intel(R) Xeon(R) CPU E5-1620 0 @ 3.60GHz (family: 0x6, model: 0x2d, stepping: 0x7)
[    0.361620] Performance Events: unsupported p6 CPU model 45 no PMU driver, software events only.
[    0.373053] KVM setup paravirtual spinlock
[    0.374474] x86: Booting SMP configuration:
[    0.375227] .... node  #0, CPUs:      #1
[    0.376067] kvm-clock: cpu 1, msr 0:3ffe3041, secondary cpu clock
[    0.376817] mce: CPU supports 0 MCE banks
[    0.379281] x86: Booted up 1 node, 2 CPUs
[    0.380170] smpboot: Total of 2 processors activated (14365.37 BogoMIPS)
[    0.381789] devtmpfs: initialized
[    0.383838] evm: security.selinux
[    0.384478] evm: security.SMACK64
[    0.385107] evm: security.SMACK64EXEC
[    0.385784] evm: security.SMACK64TRANSMUTE
[    0.386516] evm: security.SMACK64MMAP
[    0.387201] evm: security.ima
[    0.387781] evm: security.capability
[    0.388711] clocksource: jiffies: mask: 0xffffffff max_cycles: 0xffffffff, max_idle_ns: 7645041785100000 ns
[    0.390332] futex hash table entries: 512 (order: 3, 32768 bytes)
[    0.391536] pinctrl core: initialized pinctrl subsystem
[    0.392511] RTC time:  0:41:19, date: 12/30/21
[    0.393443] NET: Registered protocol family 16
[    0.403171] cpuidle: using governor ladder
[    0.415296] cpuidle: using governor menu
[    0.416108] PCCT header not found.
[    0.416845] ACPI: bus type PCI registered
[    0.417628] acpiphp: ACPI Hot Plug PCI Controller Driver version: 0.5
[    0.419198] PCI: Using configuration type 1 for base access
[    0.432612] ACPI: Added _OSI(Module Device)
[    0.433874] ACPI: Added _OSI(Processor Device)
[    0.435267] ACPI: Added _OSI(3.0 _SCP Extensions)
[    0.436704] ACPI: Added _OSI(Processor Aggregator Device)
[    0.439416] ACPI: Executed 1 blocks of module-level executable AML code
[    0.444431] ACPI: Interpreter enabled
[    0.445654] ACPI: (supports S0 S5)
[    0.446560] ACPI: Using IOAPIC for interrupt routing
[    0.447517] PCI: Using host bridge windows from ACPI; if necessary, use "pci=nocrs" and report a bug
[    0.452196] ACPI: PCI Root Bridge [PCI0] (domain 0000 [bus 00-ff])
[    0.453199] acpi PNP0A03:00: _OSC: OS supports [ASPM ClockPM Segments MSI]
[    0.454532] acpi PNP0A03:00: _OSC: not requesting OS control; OS requires [ExtendedConfig ASPM ClockPM MSI]
[    0.456142] acpi PNP0A03:00: fail to add MMCONFIG information, can't access extended PCI configuration space under this bridge.
[    0.458224] PCI host bridge to bus 0000:00
[    0.458958] pci_bus 0000:00: root bus resource [io  0x0000-0x0cf7 window]
[    0.460038] pci_bus 0000:00: root bus resource [io  0x0d00-0xffff window]
[    0.461081] pci_bus 0000:00: root bus resource [mem 0x000a0000-0x000bffff window]
[    0.462386] pci_bus 0000:00: root bus resource [mem 0x40000000-0xfdffffff window]
[    0.463700] pci_bus 0000:00: root bus resource [bus 00-ff]
[    0.466080] pci 0000:00:01.1: legacy IDE quirk: reg 0x10: [io  0x01f0-0x01f7]
[    0.467185] pci 0000:00:01.1: legacy IDE quirk: reg 0x14: [io  0x03f6]
[    0.468223] pci 0000:00:01.1: legacy IDE quirk: reg 0x18: [io  0x0170-0x0177]
[    0.469311] pci 0000:00:01.1: legacy IDE quirk: reg 0x1c: [io  0x0376]
[    0.493467] pci 0000:00:07.0: quirk: [io  0x4000-0x403f] claimed by PIIX4 ACPI
[    0.495356] pci 0000:00:07.0: quirk: [io  0x4100-0x410f] claimed by PIIX4 SMB
[    0.506090] ACPI: PCI Interrupt Link [LNKA] (IRQs 5 9 10 *11)
[    0.507730] ACPI: PCI Interrupt Link [LNKB] (IRQs 5 9 *10 11)
[    0.509118] ACPI: PCI Interrupt Link [LNKC] (IRQs 5 *9 10 11)
[    0.510536] ACPI: PCI Interrupt Link [LNKD] (IRQs 5 9 10 *11)
[    0.512154] ACPI: Enabled 2 GPEs in block 00 to 07
[    0.513569] vgaarb: setting as boot device: PCI:0000:00:02.0
[    0.514586] vgaarb: device added: PCI:0000:00:02.0,decodes=io+mem,owns=io+mem,locks=none
[    0.516039] vgaarb: loaded
[    0.516641] vgaarb: bridge control possible 0000:00:02.0
[    0.517794] SCSI subsystem initialized
[    0.518684] ACPI: bus type USB registered
[    0.519495] usbcore: registered new interface driver usbfs
[    0.520471] usbcore: registered new interface driver hub
[    0.521401] usbcore: registered new device driver usb
[    0.523632] PCI: Using ACPI for IRQ routing
[    0.524739] NetLabel: Initializing
[    0.525426] NetLabel:  domain hash size = 128
[    0.526248] NetLabel:  protocols = UNLABELED CIPSOv4
[    0.527164] NetLabel:  unlabeled traffic allowed by default
[    0.528340] amd_nb: Cannot enumerate AMD northbridges
[    0.529311] clocksource: Switched to clocksource kvm-clock
[    0.536898] AppArmor: AppArmor Filesystem Enabled
[    0.537912] pnp: PnP ACPI init
[    0.539286] pnp: PnP ACPI: found 3 devices
[    0.549080] clocksource: acpi_pm: mask: 0xffffff max_cycles: 0xffffff, max_idle_ns: 2085701024 ns
[    0.550967] NET: Registered protocol family 2
[    0.552081] TCP established hash table entries: 8192 (order: 4, 65536 bytes)
[    0.553532] TCP bind hash table entries: 8192 (order: 5, 131072 bytes)
[    0.554858] TCP: Hash tables configured (established 8192 bind 8192)
[    0.556115] UDP hash table entries: 512 (order: 2, 16384 bytes)
[    0.557288] UDP-Lite hash table entries: 512 (order: 2, 16384 bytes)
[    0.558606] NET: Registered protocol family 1
[    0.559578] pci 0000:00:00.0: Limiting direct PCI/PCI transfers
[    0.560800] pci 0000:00:01.0: Activating ISA DMA hang workarounds
[    0.562184] Unpacking initramfs...
[    0.755233] Freeing initrd memory: 14888K
[    0.756543] RAPL PMU detected, API unit is 2^-32 Joules, 3 fixed counters 10737418240 ms ovfl timer
[    0.758692] hw unit of domain pp0-core 2^-0 Joules
[    0.759838] hw unit of domain package 2^-0 Joules
[    0.760941] hw unit of domain dram 2^-0 Joules
[    0.762045] clocksource: tsc: mask: 0xffffffffffffffff max_cycles: 0x33c462b4bad, max_idle_ns: 440795335844 ns
[    0.764343] platform rtc_cmos: registered platform RTC device (no PNP device found)
[    0.766240] Scanning for low memory corruption every 60 seconds
[    0.768002] audit: initializing netlink subsys (disabled)
[    0.769254] audit: type=2000 audit(1640824885.336:1): initialized
[    0.771003] Initialise system trusted keyring
[    0.772308] HugeTLB registered 2 MB page size, pre-allocated 0 pages
[    0.774952] zbud: loaded
[    0.776063] VFS: Disk quotas dquot_6.6.0
[    0.777098] VFS: Dquot-cache hash table entries: 512 (order 0, 4096 bytes)
[    0.778879] squashfs: version 4.0 (2009/01/31) Phillip Lougher
[    0.780499] fuse init (API version 7.23)
[    0.781587] Key type big_key registered
[    0.782609] Allocating IMA MOK and blacklist keyrings.
[    0.784723] Key type asymmetric registered
[    0.785749] Asymmetric key parser 'x509' registered
[    0.786966] Block layer SCSI generic (bsg) driver version 0.4 loaded (major 249)
[    0.788777] io scheduler noop registered
[    0.789802] io scheduler deadline registered (default)
[    0.791015] io scheduler cfq registered
[    0.792039] pci_hotplug: PCI Hot Plug PCI Core version: 0.5
[    0.793295] pciehp: PCI Express Hot Plug Controller Driver version: 0.4
[    0.794934] ACPI: AC Adapter [AC] (on-line)
[    0.795993] input: Power Button as /devices/LNXSYSTM:00/LNXPWRBN:00/input/input0
[    0.797755] ACPI: Power Button [PWRF]
[    0.798777] input: Sleep Button as /devices/LNXSYSTM:00/LNXSLPBN:00/input/input1
[    0.800553] ACPI: Sleep Button [SLPF]
[    0.801665] GHES: HEST is not enabled!
[    0.802683] Serial: 8250/16550 driver, 32 ports, IRQ sharing enabled
[    0.824616] 00:02: ttyS0 at I/O 0x3f8 (irq = 4, base_baud = 115200) is a 16550A
[    0.827443] Linux agpgart interface v0.103
[    0.830242] loop: module loaded
[    0.831727] scsi host0: ata_piix
[    0.832792] scsi host1: ata_piix
[    0.833731] ata1: PATA max UDMA/33 cmd 0x1f0 ctl 0x3f6 bmdma 0xd000 irq 14
[    0.835243] ata2: PATA max UDMA/33 cmd 0x170 ctl 0x376 bmdma 0xd008 irq 15
[    0.837068] libphy: Fixed MDIO Bus: probed
[    0.838124] tun: Universal TUN/TAP device driver, 1.6
[    0.839290] tun: (C) 1999-2004 Max Krasnyansky <maxk@qualcomm.com>
[    0.840701] PPP generic driver version 2.4.2
[    0.841821] ehci_hcd: USB 2.0 'Enhanced' Host Controller (EHCI) Driver
[    0.843284] ehci-pci: EHCI PCI platform driver
[    0.844351] ehci-platform: EHCI generic platform driver
[    0.845567] ohci_hcd: USB 1.1 'Open' Host Controller (OHCI) Driver
[    0.847011] ohci-pci: OHCI PCI platform driver
[    0.848074] ohci-platform: OHCI generic platform driver
[    0.849289] uhci_hcd: USB Universal Host Controller Interface driver
[    0.851725] i8042: PNP: PS/2 Controller [PNP0303:PS2K,PNP0f03:PS2M] at 0x60,0x64 irq 1,12
[    0.855157] serio: i8042 KBD port at 0x60,0x64 irq 1
[    0.856343] serio: i8042 AUX port at 0x60,0x64 irq 12
[    0.857652] mousedev: PS/2 mouse device common for all mice
[    0.859372] input: AT Translated Set 2 keyboard as /devices/platform/i8042/serio0/input/input2
[    0.861588] rtc_cmos rtc_cmos: rtc core: registered rtc_cmos as rtc0
[    0.863062] rtc_cmos rtc_cmos: alarms up to one day, 114 bytes nvram
[    0.864481] i2c /dev entries driver
[    0.865408] device-mapper: uevent: version 1.0.3
[    0.866601] device-mapper: ioctl: 4.34.0-ioctl (2015-10-28) initialised: dm-devel@redhat.com
[    0.868709] ledtrig-cpu: registered to indicate activity on CPUs
[    0.870684] NET: Registered protocol family 10
[    0.871989] NET: Registered protocol family 17
[    0.873054] Key type dns_resolver registered
[    0.874362] registered taskstats version 1
[    0.875361] Loading compiled-in X.509 certificates
[    0.877126] Loaded X.509 cert 'Build time autogenerated kernel key: cf00e047681d67edb2720680708b7d9498083038'
[    0.879444] zswap: loaded using pool lzo/zbud
[    0.883466] Key type trusted registered
[    0.890078] Key type encrypted registered
[    0.891122] AppArmor: AppArmor sha1 policy hashing enabled
[    0.892433] ima: No TPM chip found, activating TPM-bypass!
[    0.893776] ima: Allocated hash algorithm: sha1
[    0.894913] evm: HMAC attrs: 0x1
[    0.896205]   Magic number: 1:422:659
[    0.897457] rtc_cmos rtc_cmos: setting system clock to 2021-12-30 00:41:20 UTC (1640824880)
[    0.900058] BIOS EDD facility v0.16 2004-Jun-25, 0 devices found
[    0.901747] EDD information not available.
[    1.015239] Freeing unused kernel memory: 1492K
[    1.016383] Write protecting the kernel read-only data: 14336k
[    1.018213] Freeing unused kernel memory: 1584K
[    1.020215] Freeing unused kernel memory: 52K
Loading, please wait...
starting version 229
[    1.041468] random: systemd-udevd: uninitialized urandom read (16 bytes read, 2 bits of entropy available)
[    1.042713] random: udevadm: uninitialized urandom read (16 bytes read, 2 bits of entropy available)
[    1.042755] random: udevadm: uninitialized urandom read (16 bytes read, 2 bits of entropy available)
[    1.047278] random: systemd-udevd: uninitialized urandom read (16 bytes read, 2 bits of entropy available)
[    1.049184] random: systemd-udevd: uninitialized urandom read (16 bytes read, 2 bits of entropy available)
[    1.051554] random: systemd-udevd: uninitialized urandom read (16 bytes read, 2 bits of entropy available)
[    1.056413] random: systemd-udevd: uninitialized urandom read (16 bytes read, 2 bits of entropy available)
[    1.058433] random: systemd-udevd: uninitialized urandom read (16 bytes read, 2 bits of entropy available)
[    1.061511] random: udevadm: uninitialized urandom read (16 bytes read, 2 bits of entropy available)
[    1.061565] random: udevadm: uninitialized urandom read (16 bytes read, 2 bits of entropy available)
[    1.125176] e1000: Intel(R) PRO/1000 Network Driver - version 7.3.21-k8-NAPI
[    1.126628] e1000: Copyright (c) 1999-2006 Intel Corporation.
[    1.130501] Fusion MPT base driver 3.04.20
[    1.131358] Copyright (c) 1999-2008 LSI Corporation
[    1.164896] Fusion MPT SPI Host driver 3.04.20
[    1.170724] AVX version of gcm_enc/dec engaged.
[    1.171850] AES CTR mode by8 optimization enabled
[    1.360018] input: ImExPS/2 Generic Explorer Mouse as /devices/platform/i8042/serio1/input/input4
[    1.530125] e1000 0000:00:03.0 eth0: (PCI:33MHz:32-bit) 02:be:82:6b:cc:1d
[    1.531282] e1000 0000:00:03.0 eth0: Intel(R) PRO/1000 Network Connection
[    1.876933] e1000 0000:00:08.0 eth1: (PCI:33MHz:32-bit) 08:00:27:0e:3b:01
[    1.878823] e1000 0000:00:08.0 eth1: Intel(R) PRO/1000 Network Connection
[    1.881234] e1000 0000:00:03.0 enp0s3: renamed from eth0
[    1.882304] mptbase: ioc0: Initiating bringup
[    1.895029] e1000 0000:00:08.0 enp0s8: renamed from eth1
[    2.488805] ioc0: LSI53C1030 A0: Capabilities={Initiator}
[    4.225451] scsi host2: ioc0: LSI53C1030 A0, FwRev=00000000h, Ports=1, MaxQ=256, IRQ=20
[    5.488741] scsi 2:0:0:0: Direct-Access     VBOX     HARDDISK         1.0  PQ: 0 ANSI: 5
[    5.493426] scsi target2:0:0: Beginning Domain Validation
[    5.498308] scsi target2:0:0: Domain Validation skipping write tests
[    5.500797] scsi target2:0:0: Ending Domain Validation
[    5.510528] scsi target2:0:0: asynchronous
[    5.511770] scsi 2:0:1:0: Direct-Access     VBOX     HARDDISK         1.0  PQ: 0 ANSI: 5
[    5.513301] scsi target2:0:1: Beginning Domain Validation
[    5.515003] scsi target2:0:1: Domain Validation skipping write tests
[    5.516119] scsi target2:0:1: Ending Domain Validation
[    5.517093] scsi target2:0:1: asynchronous
[    5.524198] sd 2:0:0:0: [sda] 83886080 512-byte logical blocks: (42.9 GB/40.0 GiB)
[    5.525726] sd 2:0:0:0: Attached scsi generic sg0 type 0
[    5.526980] sd 2:0:0:0: [sda] Write Protect is off
[    5.527872] sd 2:0:1:0: Attached scsi generic sg1 type 0
[    5.528829] sd 2:0:1:0: [sdb] 20480 512-byte logical blocks: (10.5 MB/10.0 MiB)
[    5.530309] sd 2:0:0:0: [sda] Incomplete mode parameter data
[    5.531329] sd 2:0:0:0: [sda] Assuming drive cache: write through
[    5.532591] sd 2:0:1:0: [sdb] Write Protect is off
[    5.533563] sd 2:0:1:0: [sdb] Incomplete mode parameter data
[    5.534567] sd 2:0:1:0: [sdb] Assuming drive cache: write through
[    5.579469]  sda: sda1
[    5.581386] sd 2:0:0:0: [sda] Attached SCSI disk
[    5.592390] sd 2:0:1:0: [sdb] Attached SCSI disk
Begin: Loading essential drivers ... [    7.049398] md: linear personality registered for level -1
[    7.055111] md: multipath personality registered for level -4
[    7.060166] md: raid0 personality registered for level 0
[    7.064985] md: raid1 personality registered for level 1
[    7.137319] raid6: sse2x1   gen()  9512 MB/s
[    7.205340] raid6: sse2x1   xor()  7268 MB/s
[    7.273337] raid6: sse2x2   gen() 11958 MB/s
[    7.341315] raid6: sse2x2   xor()  8529 MB/s
[    7.409332] raid6: sse2x4   gen() 13801 MB/s
[    7.477328] raid6: sse2x4   xor() 10290 MB/s
[    7.478317] raid6: using algorithm sse2x4 gen() 13801 MB/s
[    7.479458] raid6: .... xor() 10290 MB/s, rmw enabled
[    7.480561] raid6: using ssse3x2 recovery algorithm
[    7.483395] xor: automatically using best checksumming function:
[    7.561901]    avx       : 90453.000 MB/sec
[    7.564150] async_tx: api initialized (async)
[    7.576894] md: raid6 personality registered for level 6
[    7.578071] md: raid5 personality registered for level 5
[    7.579167] md: raid4 personality registered for level 4
[    7.587967] md: raid10 personality registered for level 10
done.
Begin: Running /scripts/init-premount ... done.
Begin: Mounting root file system ... Begin: Running /scripts/local-top ... done.
Begin: Running /scripts/local-premount ... [    7.628146] Btrfs loaded
Scanning for Btrfs filesystems
done.
Warning: fsck not present, so skipping root file system
[    7.695539] EXT4-fs (sda1): mounted filesystem with ordered data mode. Opts: (null)
done.
Begin: Running /scripts/local-bottom ... done.
Begin: Running /scripts/init-bottom ... done.
[    8.303748] systemd[1]: systemd 229 running in system mode. (+PAM +AUDIT +SELINUX +IMA +APPARMOR +SMACK +SYSVINIT +UTMP +LIBCRYPTSETUP +GCRYPT +GNUTLS +ACL +XZ -LZ4 +SECCOMP +BLKID +ELFUTILS +KMOD -IDN)
[    8.312102] systemd[1]: Detected virtualization oracle.
[    8.314445] systemd[1]: Detected architecture x86-64.

Welcome to [1mUbuntu 16.04.7 LTS[0m!

[    8.356252] systemd[1]: Set hostname to <ubuntu>.
[    8.372279] systemd[1]: Initializing machine ID from random generator.
[    8.376287] systemd[1]: Installed transient /etc/machine-id file.
[    8.932825] random: nonblocking pool is initialized
[    9.147988] systemd[1]: Reached target User and Group Name Lookups.
[[0;32m  OK  [0m] Reached target User and Group Name Lookups.
[    9.151259] systemd[1]: Listening on LVM2 poll daemon socket.
[[0;32m  OK  [0m] Listening on LVM2 poll daemon socket.
[    9.154027] systemd[1]: Listening on Syslog Socket.
[[0;32m  OK  [0m] Listening on Syslog Socket.
[    9.156542] systemd[1]: Listening on Journal Audit Socket.
[[0;32m  OK  [0m] Listening on Journal Audit Socket.
[    9.159065] systemd[1]: Set up automount Arbitrary Executable File Formats File System Automount Point.
[[0;32m  OK  [0m] Set up automount Arbitrary Executab...ats File System Automount Point.
[    9.161836] systemd[1]: Listening on LVM2 metadata daemon socket.
[[0;32m  OK  [0m] Listening on LVM2 metadata daemon socket.
[    9.163786] systemd[1]: Listening on /dev/initctl Compatibility Named Pipe.
[[0;32m  OK  [0m] Listening on /dev/initctl Compatibility Named Pipe.
[    9.165872] systemd[1]: Reached target Swap.
[[0;32m  OK  [0m] Reached target Swap.
[    9.167408] systemd[1]: Listening on udev Control Socket.
[[0;32m  OK  [0m] Listening on udev Control Socket.
[    9.169190] systemd[1]: Listening on Journal Socket (/dev/log).
[[0;32m  OK  [0m] Listening on Journal Socket (/dev/log).
[    9.171154] systemd[1]: Listening on Journal Socket.
[[0;32m  OK  [0m] Listening on Journal Socket.
[    9.172814] systemd[1]: Reached target System Time Synchronized.
[[0;32m  OK  [0m] Reached target System Time Synchronized.
[    9.174767] systemd[1]: Started Trigger resolvconf update for networkd DNS.
[[0;32m  OK  [0m] Started Trigger resolvconf update for networkd DNS.
[    9.176893] systemd[1]: Listening on Device-mapper event daemon FIFOs.
[[0;32m  OK  [0m] Listening on Device-mapper event daemon FIFOs.
[    9.179298] systemd[1]: Created slice User and Session Slice.
[[0;32m  OK  [0m] Created slice User and Session Slice.
[    9.181129] systemd[1]: Reached target Encrypted Volumes.
[[0;32m  OK  [0m] Reached target Encrypted Volumes.
[    9.183179] systemd[1]: Created slice System Slice.
[[0;32m  OK  [0m] Created slice System Slice.
[    9.197511] systemd[1]: Mounting Debug File System...
         Mounting Debug File System...
[    9.199761] systemd[1]: Created slice system-serial\x2dgetty.slice.
[[0;32m  OK  [0m] Created slice system-serial\x2dgetty.slice.
[    9.203722] systemd[1]: Mounting Huge Pages File System...
         Mounting Huge Pages File System...
[    9.208028] systemd[1]: Starting Uncomplicated firewall...
         Starting Uncomplicated firewall...
[    9.265655] systemd[1]: Starting Load Kernel Modules...
         Starting Load Kernel Modules...
[    9.269629] systemd[1]: Starting Monitoring of LVM2 mirrors, snapshots etc. using dmeventd or progress polling...
         Starting Monitoring of LVM2 mirrors... dmeventd or progress polling...
[    9.273946] systemd[1]: Reached target Slices.
[[0;32m  OK  [0m] Reached target Slices.
[    9.276502] systemd[1]: Starting Nameserver information manager...
         Starting Nameserver information manager...
[    9.279005] systemd[1]: Mounting POSIX Message Queue File System...
         Mounting POSIX Message Queue File System...
[    9.281515] systemd[1]: Starting Set console keymap...
         Starting Set console keymap...
[    9.285451] systemd[1]: Starting Create list of required static device nodes for the current kernel...
         Starting Create list of required st... nodes for the current kernel...
[    9.329909] systemd[1]: Starting Journal Service...
         Starting Journal Service...
[    9.333440] systemd[1]: Listening on fsck to fsckd communication Socket.
[[0;32m  OK  [0m] Listening on fsck to fsckd communication Socket.
[    9.339298] systemd[1]: Starting File System Check on Root Device...
         Starting File System Check on Root Device...
[    9.343055] systemd[1]: Started Forward Password Requests to Wall Directory Watch.
[[0;32m  OK  [0m] Started Forward Password Requests to Wall Directory Watch.
[    9.346484] systemd[1]: Listening on udev Kernel Socket.
[[0;32m  OK  [0m] Listening on udev Kernel Socket.
[    9.350720] systemd[1]: Mounted Huge Pages File System.
[[0;32m  OK  [0m] Mounted Huge Pages File System.
[    9.352328] systemd[1]: Mounted POSIX Message Queue File System.
[[0;32m  OK  [0m] Mounted POSIX Message Queue File System.
[    9.354412] systemd[1]: Mounted Debug File System.
[[0;32m  OK  [0m] Mounted Debug File System.
[    9.356669] systemd[1]: Started Uncomplicated firewall.
[[0;32m  OK  [0m] Started Uncomplicated firewall.
[    9.367360] systemd[1]: Started Create list of required static device nodes for the current kernel.
[[0;32m  OK  [0m] Started Create list of required sta...ce nodes for the current kernel.
[    9.374039] systemd[1]: Starting Create Static Device Nodes in /dev...
         Starting Create Static Device Nodes in /dev...
[    9.384576] systemd[1]: Started Nameserver information manager.
[[0;32m  OK  [0m] Started Nameserver information manager.
[    9.396118] systemd[1]: Started File System Check Daemon to report status.
[[0;32m  OK  [0m] Started File System Check Daemon to report status.
[    9.427653] Loading iSCSI transport class v2.0-870.
[    9.516849] iscsi: registered transport (tcp)
[    9.612725] systemd[1]: Started File System Check on Root Device.
[[0;32m  OK  [0m] Started File System Check on Root Device.
[    9.633500] systemd[1]: Starting Remount Root and Kernel File Systems...
         Starting Remount Root and Kernel File Systems...
[    9.660533] systemd[1]: Started Set console keymap.
[[0;32m  OK  [0m] Started Set console keymap.
[    9.668374] systemd[1]: Started Journal Service.
[[0;32m  OK  [0m] Started Journal Service.
[    9.672422] EXT4-fs (sda1): re-mounted. Opts: (null)
[[0;32m  OK  [0m] Started Remount Root and Kernel File Systems.
         Starting Load/Save Random Seed...
         Starting udev Coldplug all Devices...
         Starting Flush Journal to Persistent Storage...
[[0;32m  OK  [0m] Started LVM2 metadata daemon.
[    9.795836] iscsi: registered transport (iser)
[[0;32m  OK  [0m] Started Load Kernel Modules.
         Starting Apply Kernel Variables...
         Mounting FUSE Control File System...
[[0;32m  OK  [0m] Started udev Coldplug all Devices.
[[0;32m  OK  [0m] Mounted FUSE Control File System.
[[0;32m  OK  [0m] Started Load/Save Random Seed.
[    9.827448] systemd-journald[396]: Received request to flush runtime journal from PID 1
[[0;32m  OK  [0m] Started Flush Journal to Persistent Storage.
[[0;32m  OK  [0m] Started Apply Kernel Variables.
[[0;32m  OK  [0m] Started Create Static Device Nodes in /dev.
         Starting udev Kernel Device Manager...
[[0;32m  OK  [0m] Started udev Kernel Device Manager.
[[0;32m  OK  [0m] Started Dispatch Password Requests to Console Directory Watch.
[[0;32m  OK  [0m] Started Monitoring of LVM2 mirrors,...ng dmeventd or progress polling.
[[0;32m  OK  [0m] Reached target Local File Systems (Pre).
[[0;32m  OK  [0m] Reached target Local File Systems.
         Starting LSB: AppArmor initialization...
         Starting Initial cloud-init job (pre-networking)...
         Starting Tell Plymouth To Write Out Runtime Data...
         Starting Create Volatile Files and Directories...
         Starting Set console font and keymap...
         Starting Commit a transient machine-id on disk...
[[0;32m  OK  [0m] Started Tell Plymouth To Write Out Runtime Data.
[[0;32m  OK  [0m] Started Commit a transient machine-id on disk.
[[0;32m  OK  [0m] Started Create Volatile Files and Directories.
         Starting Update UTMP about System Boot/Shutdown...
[[0;32m  OK  [0m] Started Update UTMP about System Boot/Shutdown.
[[0;32m  OK  [0m] Found device /dev/ttyS0.
[[0;32m  OK  [0m] Listening on Load/Save RF Kill Switch Status /dev/rfkill Watch.
[[0;32m  OK  [0m] Started Set console font and keymap.
[[0;32m  OK  [0m] Created slice system-getty.slice.
[[0;32m  OK  [0m] Started LSB: AppArmor initialization.
         Starting Load AppArmor profiles managed internally by snapd...
[[0;32m  OK  [0m] Started Load AppArmor profiles managed internally by snapd.
[   14.603212] cloud-init[503]: Cloud-init v. 21.1-19-gbad84ad4-0ubuntu1~16.04.2 running 'init-local' at Thu, 30 Dec 2021 00:41:33 +0000. Up 14.00 seconds.
[[0;32m  OK  [0m] Started Initial cloud-init job (pre-networking).
[[0;32m  OK  [0m] Reached target Network (Pre).
         Starting Raise network interfaces...
[[0;32m  OK  [0m] Started Raise network interfaces.
[[0;32m  OK  [0m] Reached target Network.
         Starting Initial cloud-init job (metadata service crawler)...
[   17.019261] cloud-init[981]: Cloud-init v. 21.1-19-gbad84ad4-0ubuntu1~16.04.2 running 'init' at Thu, 30 Dec 2021 00:41:35 +0000. Up 15.38 seconds.
[   17.021383] cloud-init[981]: ci-info: ++++++++++++++++++++++++++++++++++++++Net device info+++++++++++++++++++++++++++++++++++++++
[   17.023792] cloud-init[981]: ci-info: +--------+-------+----------------------------+---------------+--------+-------------------+
[   17.026195] cloud-init[981]: ci-info: | Device |   Up  |          Address           |      Mask     | Scope  |     Hw-Address    |
[   17.028610] cloud-init[981]: ci-info: +--------+-------+----------------------------+---------------+--------+-------------------+
[   17.030778] cloud-init[981]: ci-info: | enp0s3 |  True |         10.0.2.15          | 255.255.255.0 | global | 02:be:82:6b:cc:1d |
[   17.033211] cloud-init[981]: ci-info: | enp0s3 |  True | fe80::be:82ff:fe6b:cc1d/64 |       .       |  link  | 02:be:82:6b:cc:1d |
[   17.035660] cloud-init[981]: ci-info: | enp0s8 | False |             .              |       .       |   .    | 08:00:27:0e:3b:01 |
[   17.038183] cloud-init[981]: ci-info: |   lo   |  True |         127.0.0.1          |   255.0.0.0   |  host  |         .         |
[   17.040614] cloud-init[981]: ci-info: |   lo   |  True |          ::1/128           |       .       |  host  |         .         |
[   17.043044] cloud-init[981]: ci-info: +--------+-------+----------------------------+---------------+--------+-------------------+
[   17.045575] cloud-init[981]: ci-info: +++++++++++++++++++++++++++Route IPv4 info++++++++++++++++++++++++++++
[   17.047818] cloud-init[981]: ci-info: +-------+-------------+----------+---------------+-----------+-------+
[   17.050015] cloud-init[981]: ci-info: | Route | Destination | Gateway  |    Genmask    | Interface | Flags |
[   17.052205] cloud-init[981]: ci-info: +-------+-------------+----------+---------------+-----------+-------+
[   17.054307] cloud-init[981]: ci-info: |   0   |   0.0.0.0   | 10.0.2.2 |    0.0.0.0    |   enp0s3  |   UG  |
[   17.056416] cloud-init[981]: ci-info: |   1   |   10.0.2.0  | 0.0.0.0  | 255.255.255.0 |   enp0s3  |   U   |
[   17.058707] cloud-init[981]: ci-info: +-------+-------------+----------+---------------+-----------+-------+
[   17.061203] cloud-init[981]: ci-info: +++++++++++++++++++Route IPv6 info+++++++++++++++++++
[   17.063096] cloud-init[981]: ci-info: +-------+-------------+---------+-----------+-------+
[   17.064977] cloud-init[981]: ci-info: | Route | Destination | Gateway | Interface | Flags |
[   17.066782] cloud-init[981]: ci-info: +-------+-------------+---------+-----------+-------+
[   17.068693] cloud-init[981]: ci-info: |   0   |  fe80::/64  |    ::   |   enp0s3  |   U   |
[   17.070531] cloud-init[981]: ci-info: |   3   |   ff00::/8  |    ::   |   enp0s3  |   U   |
[   17.072400] cloud-init[981]: ci-info: +-------+-------------+---------+-----------+-------+
[   17.074219] cloud-init[981]: Generating public/private rsa key pair.
[   17.075780] cloud-init[981]: Your identification has been saved in /etc/ssh/ssh_host_rsa_key.
[   17.077734] cloud-init[981]: Your public key has been saved in /etc/ssh/ssh_host_rsa_key.pub.
[   17.079719] cloud-init[981]: The key fingerprint is:
[   17.081023] cloud-init[981]: SHA256:jLd7WlB42kcu/j/Vkff+N0rG6u30QGAgEgrLHOpBjO8 root@ubuntu-xenial
[   17.082945] cloud-init[981]: The key's randomart image is:
[   17.084320] cloud-init[981]: +---[RSA 2048]----+
[   17.085468] cloud-init[981]: |o+   o.. .       |
[   17.086662] cloud-init[981]: |*.+ . . ...      |
[   17.087865] cloud-init[981]: |.* .    . oo.   .|
[   17.089030] cloud-init[981]: |. o    o =.o.  o.|
[   17.090242] cloud-init[981]: | o    . S o o.  =|
[   17.091458] cloud-init[981]: |  E    . + oo   +|
[   17.092625] cloud-init[981]: |        . o  * o |
[   17.093802] cloud-init[981]: |         o..* +.o|
[   17.095010] cloud-init[981]: |        oo.oo=oo=|
[   17.096290] cloud-init[981]: +----[SHA256]-----+
[   17.097514] cloud-init[981]: Generating public/private dsa key pair.
[   17.098969] cloud-init[981]: Your identification has been saved in /etc/ssh/ssh_host_dsa_key.
[   17.100865] cloud-init[981]: Your public key has been saved in /etc/ssh/ssh_host_dsa_key.pub.
[   17.102766] cloud-init[981]: The key fingerprint is:
[   17.103995] cloud-init[981]: SHA256:/6faexONRa5tmrATiylGxXPEiYclk3xRlyi4+5We/zY root@ubuntu-xenial
[   17.105967] cloud-init[981]: The key's randomart image is:
[   17.107297] cloud-init[981]: +---[DSA 1024]----+
[   17.108487] cloud-init[981]: |         .+*o+o o|
[   17.109672] cloud-init[981]: |         .=+*. o.|
[   17.110848] cloud-init[981]: |         ..+.  o |
[   17.111862] cloud-init[981]: |         .+ .   o|
[   17.113049] cloud-init[981]: |        S..o  .* |
[   17.114225] cloud-init[981]: |        .o  oo+ +|
[   17.120539] cloud-init[981]: |       .  ooo=.= |
[   17.121646] cloud-init[981]: |        o o++o*E.|
[   17.123012] cloud-init[981]: |       . ...=*.++|
[   17.124496] cloud-init[981]: +----[SHA256]-----+
[   17.125963] cloud-init[981]: Generating public/private ecdsa key pair.
[   17.127753] cloud-init[981]: Your identification has been saved in /etc/ssh/ssh_host_ecdsa_key.
[   17.129866] cloud-init[981]: Your public key has been saved in /etc/ssh/ssh_host_ecdsa_key.pub.
[   17.131161] cloud-init[981]: The key fingerprint is:
[   17.132009] cloud-init[981]: SHA256:C1zFxWs6fPVHm5h4SCjHDEwRpbOBzBL2Wr9VFwXGq2U root@ubuntu-xenial
[   17.133428] cloud-init[981]: The key's randomart image is:
[   17.134392] cloud-init[981]: +---[ECDSA 256]---+
[   17.135270] cloud-init[981]: |   o  o++o.oo+o. |
[   17.136138] cloud-init[981]: |  . = .o... o..  |
[   17.137058] cloud-init[981]: |   . * += .. o.  |
[   17.137940] cloud-init[981]: |    +..o+=..+E. .|
[   17.138833] cloud-init[981]: |   .  ooSo.o*.ooo|
[   17.139696] cloud-init[981]: |       .o.++.+ oo|
[   17.140581] cloud-init[981]: |       ..  o.   .|
[   17.141495] cloud-init[981]: |                 |
[   17.142383] cloud-init[981]: |                 |
[   17.143507] cloud-init[981]: +----[SHA256]-----+
[   17.144415] cloud-init[981]: Generating public/private ed25519 key pair.
[   17.145556] cloud-init[981]: Your identification has been saved in /etc/ssh/ssh_host_ed25519_key.
[   17.146899] cloud-init[981]: Your public key has been saved in /etc/ssh/ssh_host_ed25519_key.pub.
[   17.148289] cloud-init[981]: The key fingerprint is:
[   17.149218] cloud-init[981]: SHA256:Gs/4C0PdWuhDpJcTbXJuzdihyMlk00AJKRbZfNuS3S4 root@ubuntu-xenial
[   17.150571] cloud-init[981]: The key's randomart image is:
[   17.151551] cloud-init[981]: +--[ED25519 256]--+
[   17.152473] cloud-init[981]: |    .=.+o.       |
[   17.153371] cloud-init[981]: |    + + o+       |
[   17.160539] cloud-init[981]: |   . . .B==..    |
[   17.161572] cloud-init[981]: |       O+&o*..   |
[   17.162739] cloud-init[981]: |      + S.B.+    |
[[0;32m  OK  [0m[   17.164025] cloud-init[981]: |     . X =E .    |
[   17.164563] cloud-init[981]: |      = *  .     |
[   17.165063] cloud-init[981]: |       + .       |
[   17.165992] cloud-init[981]: |        o.       |
[   17.166324] cloud-init[981]: +----[SHA256]-----+
] Started Initial cloud-init job (metadata service crawler).
[[0;32m  OK  [0m] Reached target Cloud-config availability.
[[0;32m  OK  [0m] Reached target Network is Online.
         Starting iSCSI initiator daemon (iscsid)...
[[0;32m  OK  [0m] Reached target System Initialization.
[[0;32m  OK  [0m] Started Message of the Day.
[[0;32m  OK  [0m] Listening on D-Bus System Message Bus Socket.
[[0;32m  OK  [0m] Started Daily Cleanup of Temporary Directories.
         Starting LXD - unix socket.
[[0;32m  OK  [0m] Started Ubuntu Advantage update messaging.
[[0;32m  OK  [0m] Listening on ACPID Listen Socket.
[[0;32m  OK  [0m] Started Daily apt download activities.
[[0;32m  OK  [0m] Listening on UUID daemon activation socket.
[[0;32m  OK  [0m] Started ACPI Events Check.
[[0;32m  OK  [0m] Reached target Paths.
         Starting Socket activation for snappy daemon.
[[0;32m  OK  [0m] Started Daily apt upgrade and clean activities.
[[0;32m  OK  [0m] Reached target Timers.
[[0;32m  OK  [0m] Listening on LXD - unix socket.
[[0;32m  OK  [0m] Listening on Socket activation for snappy daemon.
[[0;32m  OK  [0m] Reached target Sockets.
[[0;32m  OK  [0m] Reached target Basic System.
[[0;32m  OK  [0m] Started FUSE filesystem for LXC.
         Starting Accounts Service...
[[0;32m  OK  [0m] Started Regular background program processing daemon.
         Starting LSB: MD monitoring daemon...
         Starting /etc/rc.local Compatibility...
         Starting Login Service...
[[0;32m  OK  [0m] Started ACPI event daemon.
[[0;32m  OK  [0m] Started Deferred execution scheduler.
         Starting Virtualbox guest utils...
         Starting Pollinate to seed the pseudo random number generator...
         Starting LSB: Record successful boot for GRUB...
         Starting System Logging Service...
         Starting Snap Daemon...
[[0;32m  OK  [0m] Started D-Bus System Message Bus.
         Starting LXD - container startup/shutdown...
[[0;32m  OK  [0m] Started System Logging Service.
[[0;32m  OK  [0m] Started iSCSI initiator daemon (iscsid).
[[0;32m  OK  [0m] Started /etc/rc.local Compatibility.
[[0;32m  OK  [0m] Started Login Service.
[[0;32m  OK  [0m] Started Unattended Upgrades Shutdown.
         Starting Login to default iSCSI targets...
[[0;32m  OK  [0m] Started Login to default iSCSI targets.
[[0;32m  OK  [0m] Reached target Remote File Systems (Pre).
[[0;32m  OK  [0m] Reached target Remote File Systems.
         Starting LSB: Set the CPU Frequency Scaling governor to "ondemand"...
         Starting LSB: daemon to balance interrupts for SMP systems...
         Starting LSB: automatic crash report generation...
         Starting Permit User Sessions...
[[0;32m  OK  [0m] Started LSB: MD monitoring daemon.
[[0;32m  OK  [0m] Started LSB: Set the CPU Frequency Scaling governor to "ondemand".
[[0;32m  OK  [0m] Started Permit User Sessions.
         Starting Hold until boot process finishes up...
         Starting Terminate Plymouth Boot Screen...
[[0;32m  OK  [0m] Started Hold until boot process finishes up.
         Starting Set console scheme...
[[0;32m  OK  [0m] Started Serial Getty on ttyS0.
[[0;32m  OK  [0m] Started Getty on tty1.
[[0;32m  OK  [0m] Reached target Login Prompts.
[[0;32m  OK  [0m] Started Terminate Plymouth Boot Screen.
[[0;32m  OK  [0m] Started Set console scheme.
[[0;32m  OK  [0m] Started LSB: daemon to balance interrupts for SMP systems.
[[0;32m  OK  [0m] Started LSB: automatic crash report generation.
         Starting Authenticate and Authorize Users to Run Privileged Tasks...
[[0;32m  OK  [0m] Started Authenticate and Authorize Users to Run Privileged Tasks.
[[0;32m  OK  [0m] Started Accounts Service.
[[0;32m  OK  [0m] Started Virtualbox guest utils.
[[0;32m  OK  [0m] Started LSB: Record successful boot for GRUB.
[[0;32m  OK  [0m] Started Pollinate to seed the pseudo random number generator.
         Starting OpenBSD Secure Shell server...
[[0;32m  OK  [0m] Started OpenBSD Secure Shell server.
[[0;32m  OK  [0m] Started Snap Daemon.
         Starting Wait until snapd is fully seeded...
[[0;32m  OK  [0m] Started LXD - container startup/shutdown.
[[0;32m  OK  [0m] Created slice User Slice of vagrant.
         Starting User Manager for UID 1000...
[[0;32m  OK  [0m] Started Session 1 of user vagrant.
[[0;32m  OK  [0m] Started User Manager for UID 1000.

Ubuntu 16.04.7 LTS ubuntu-xenial ttyS0

ubuntu-xenial login: [   25.038629] cloud-init[1492]: Generating locales (this might take a while)...
[   26.304355] cloud-init[1492]:   en_US.UTF-8... done
[   26.308254] cloud-init[1492]: Generation complete.
[   27.675029] cloud-init[1492]: Cloud-init v. 21.1-19-gbad84ad4-0ubuntu1~16.04.2 running 'modules:config' at Thu, 30 Dec 2021 00:41:44 +0000. Up 24.82 seconds.
ci-info: no authorized SSH keys fingerprints found for user ubuntu.
<14>Dec 30 00:41:48 ec2: 
<14>Dec 30 00:41:48 ec2: #############################################################
<14>Dec 30 00:41:48 ec2: -----BEGIN SSH HOST KEY FINGERPRINTS-----
<14>Dec 30 00:41:48 ec2: 1024 SHA256:/6faexONRa5tmrATiylGxXPEiYclk3xRlyi4+5We/zY root@ubuntu-xenial (DSA)
<14>Dec 30 00:41:48 ec2: 256 SHA256:C1zFxWs6fPVHm5h4SCjHDEwRpbOBzBL2Wr9VFwXGq2U root@ubuntu-xenial (ECDSA)
<14>Dec 30 00:41:48 ec2: 256 SHA256:Gs/4C0PdWuhDpJcTbXJuzdihyMlk00AJKRbZfNuS3S4 root@ubuntu-xenial (ED25519)
<14>Dec 30 00:41:48 ec2: 2048 SHA256:jLd7WlB42kcu/j/Vkff+N0rG6u30QGAgEgrLHOpBjO8 root@ubuntu-xenial (RSA)
<14>Dec 30 00:41:48 ec2: -----END SSH HOST KEY FINGERPRINTS-----
<14>Dec 30 00:41:48 ec2: #############################################################
-----BEGIN SSH HOST KEY KEYS-----
ecdsa-sha2-nistp256 AAAAE2VjZHNhLXNoYTItbmlzdHAyNTYAAAAIbmlzdHAyNTYAAABBBHXqtEa1p5UJtEBJsHDCeTP28yaToi9wIuOJilDRpbkYZ8KKNAbd0HeO0hqJuj1MObrqRGGqrWRsgSPPhRBdsGc= root@ubuntu-xenial
ssh-ed25519 AAAAC3NzaC1lZDI1NTE5AAAAIEMmzZBVnN1zCPTNz6+kWnT2moe7YufOg7BHP3FKndn6 root@ubuntu-xenial
ssh-rsa AAAAB3NzaC1yc2EAAAADAQABAAABAQDYK5JAUphcoDbfb/V3yNY5p8s9TwJOO5YcOb+g7LTCtSilL2H2+TWw0wF7NsAsGwR+rWJOPr9p9yxYSNIEXR5CwTrZzu869keoguKCS63Ecug+Ce+Ugs0OqyVknRJkEdVPP5eTkOpW7dKBc/jy9LfDqiDFhG3KY8G/s9AuEZHPH7cP6PgWkJxzC8AyImiK5N7FOf1qwO6DKX10xBml3l0FT9TSDyTTl8LXJa5hfonKee5qC+HDL/2q7uy1KLLTuBTgqcgSVSGaJF6D0fXBggaMyEIo6HWGQhNliHdAxd+Daykxr4eRHjpX6Zy6Kkg4qTKmcdYV5OW7T0H0XQQHUaB9 root@ubuntu-xenial
-----END SSH HOST KEY KEYS-----
[   28.376500] cloud-init[1829]: Cloud-init v. 21.1-19-gbad84ad4-0ubuntu1~16.04.2 running 'modules:final' at Thu, 30 Dec 2021 00:41:47 +0000. Up 28.07 seconds.
[   28.376793] cloud-init[1829]: ci-info: no authorized SSH keys fingerprints found for user ubuntu.
[   28.379654] cloud-init[1829]: Cloud-init v. 21.1-19-gbad84ad4-0ubuntu1~16.04.2 finished at Thu, 30 Dec 2021 00:41:48 +0000. Datasource DataSourceNoCloud [seed=/dev/sdb][dsmode=net].  Up 28.36 seconds
