[    0.000000] Initializing cgroup subsys cpuset
[    0.000000] Initializing cgroup subsys cpu
[    0.000000] Initializing cgroup subsys cpuacct
[    0.000000] Linux version 4.4.0-210-generic (buildd@lgw01-amd64-009) (gcc version 5.4.0 20160609 (Ubuntu 5.4.0-6ubuntu1~16.04.12) ) #242-Ubuntu SMP Fri Apr 16 09:57:56 UTC 2021 (Ubuntu 4.4.0-210.242-generic 4.4.262)
[    0.000000] Command line: BOOT_IMAGE=/boot/vmlinuz-4.4.0-210-generic root=LABEL=cloudimg-rootfs ro console=tty1 console=ttyS0
[    0.000000] KERNEL supported cpus:
[    0.000000]   Intel GenuineIntel
[    0.000000]   AMD AuthenticAMD
[    0.000000]   Centaur CentaurHauls
[    0.000000] x86/fpu: xstate_offset[2]:  576, xstate_sizes[2]:  256
[    0.000000] x86/fpu: Supporting XSAVE feature 0x01: 'x87 floating point registers'
[    0.000000] x86/fpu: Supporting XSAVE feature 0x02: 'SSE registers'
[    0.000000] x86/fpu: Supporting XSAVE feature 0x04: 'AVX registers'
[    0.000000] x86/fpu: Enabled xstate features 0x7, context size is 832 bytes, using 'standard' format.
[    0.000000] e820: BIOS-provided physical RAM map:
[    0.000000] BIOS-e820: [mem 0x0000000000000000-0x000000000009fbff] usable
[    0.000000] BIOS-e820: [mem 0x000000000009fc00-0x000000000009ffff] reserved
[    0.000000] BIOS-e820: [mem 0x00000000000f0000-0x00000000000fffff] reserved
[    0.000000] BIOS-e820: [mem 0x0000000000100000-0x000000003ffeffff] usable
[    0.000000] BIOS-e820: [mem 0x000000003fff0000-0x000000003fffffff] ACPI data
[    0.000000] BIOS-e820: [mem 0x00000000fec00000-0x00000000fec00fff] reserved
[    0.000000] BIOS-e820: [mem 0x00000000fee00000-0x00000000fee00fff] reserved
[    0.000000] BIOS-e820: [mem 0x00000000fffc0000-0x00000000ffffffff] reserved
[    0.000000] NX (Execute Disable) protection: active
[    0.000000] SMBIOS 2.5 present.
[    0.000000] Hypervisor detected: KVM
[    0.000000] e820: last_pfn = 0x3fff0 max_arch_pfn = 0x400000000
[    0.000000] MTRR: Disabled
[    0.000000] x86/PAT: MTRRs disabled, skipping PAT initialization too.
[    0.000000] CPU MTRRs all blank - virtualized system.
[    0.000000] x86/PAT: Configuration [0-7]: WB  WT  UC- UC  WB  WT  UC- UC  
[    0.000000] found SMP MP-table at [mem 0x0009fff0-0x0009ffff] mapped at [ffff88000009fff0]
[    0.000000] Scanning 1 areas for low memory corruption
[    0.000000] RAMDISK: [mem 0x362dc000-0x37165fff]
[    0.000000] ACPI: Early table checksum verification disabled
[    0.000000] ACPI: RSDP 0x00000000000E0000 000024 (v02 VBOX  )
[    0.000000] ACPI: XSDT 0x000000003FFF0030 00003C (v01 VBOX   VBOXXSDT 00000001 ASL  00000061)
[    0.000000] ACPI: FACP 0x000000003FFF00F0 0000F4 (v04 VBOX   VBOXFACP 00000001 ASL  00000061)
[    0.000000] ACPI: DSDT 0x000000003FFF0470 002325 (v02 VBOX   VBOXBIOS 00000002 INTL 20180105)
[    0.000000] ACPI: FACS 0x000000003FFF0200 000040
[    0.000000] ACPI: FACS 0x000000003FFF0200 000040
[    0.000000] ACPI: APIC 0x000000003FFF0240 00005C (v02 VBOX   VBOXAPIC 00000001 ASL  00000061)
[    0.000000] ACPI: SSDT 0x000000003FFF02A0 0001CC (v01 VBOX   VBOXCPUT 00000002 INTL 20180105)
[    0.000000] No NUMA configuration found
[    0.000000] Faking a node at [mem 0x0000000000000000-0x000000003ffeffff]
[    0.000000] NODE_DATA(0) allocated [mem 0x3ffeb000-0x3ffeffff]
[    0.000000] kvm-clock: Using msrs 4b564d01 and 4b564d00
[    0.000000] kvm-clock: cpu 0, msr 0:3ffe3001, primary cpu clock
[    0.000000] kvm-clock: using sched offset of 3422312846 cycles
[    0.000000] clocksource: kvm-clock: mask: 0xffffffffffffffff max_cycles: 0x1cd42e4dffb, max_idle_ns: 881590591483 ns
[    0.000000] Zone ranges:
[    0.000000]   DMA      [mem 0x0000000000001000-0x0000000000ffffff]
[    0.000000]   DMA32    [mem 0x0000000001000000-0x000000003ffeffff]
[    0.000000]   Normal   empty
[    0.000000]   Device   empty
[    0.000000] Movable zone start for each node
[    0.000000] Early memory node ranges
[    0.000000]   node   0: [mem 0x0000000000001000-0x000000000009efff]
[    0.000000]   node   0: [mem 0x0000000000100000-0x000000003ffeffff]
[    0.000000] Initmem setup node 0 [mem 0x0000000000001000-0x000000003ffeffff]
[    0.000000] ACPI: PM-Timer IO Port: 0x4008
[    0.000000] IOAPIC[0]: apic_id 2, version 32, address 0xfec00000, GSI 0-23
[    0.000000] ACPI: INT_SRC_OVR (bus 0 bus_irq 0 global_irq 2 dfl dfl)
[    0.000000] ACPI: INT_SRC_OVR (bus 0 bus_irq 9 global_irq 9 low level)
[    0.000000] Using ACPI (MADT) for SMP configuration information
[    0.000000] smpboot: Allowing 2 CPUs, 0 hotplug CPUs
[    0.000000] PM: Registered nosave memory: [mem 0x00000000-0x00000fff]
[    0.000000] PM: Registered nosave memory: [mem 0x0009f000-0x0009ffff]
[    0.000000] PM: Registered nosave memory: [mem 0x000a0000-0x000effff]
[    0.000000] PM: Registered nosave memory: [mem 0x000f0000-0x000fffff]
[    0.000000] e820: [mem 0x40000000-0xfebfffff] available for PCI devices
[    0.000000] Booting paravirtualized kernel on KVM
[    0.000000] clocksource: refined-jiffies: mask: 0xffffffff max_cycles: 0xffffffff, max_idle_ns: 7645519600211568 ns
[    0.000000] setup_percpu: NR_CPUS:512 nr_cpumask_bits:512 nr_cpu_ids:2 nr_node_ids:1
[    0.000000] PERCPU: Embedded 33 pages/cpu @ffff88003fc00000 s95192 r8192 d31784 u1048576
[    0.000000] Built 1 zonelists in Node order, mobility grouping on.  Total pages: 257912
[    0.000000] Policy zone: DMA32
[    0.000000] Kernel command line: BOOT_IMAGE=/boot/vmlinuz-4.4.0-210-generic root=LABEL=cloudimg-rootfs ro console=tty1 console=ttyS0
[    0.000000] PID hash table entries: 4096 (order: 3, 32768 bytes)
[    0.000000] Memory: 997792K/1048120K available (8644K kernel code, 1332K rwdata, 4044K rodata, 1492K init, 1164K bss, 50328K reserved, 0K cma-reserved)
[    0.000000] SLUB: HWalign=64, Order=0-3, MinObjects=0, CPUs=2, Nodes=1
[    0.000000] Kernel/User page tables isolation: enabled
[    0.000000] Hierarchical RCU implementation.
[    0.000000] 	Build-time adjustment of leaf fanout to 64.
[    0.000000] 	RCU restricting CPUs from NR_CPUS=512 to nr_cpu_ids=2.
[    0.000000] RCU: Adjusting geometry for rcu_fanout_leaf=64, nr_cpu_ids=2
[    0.000000] NR_IRQS:33024 nr_irqs:440 16
[    0.000000] Console: colour VGA+ 80x25
[    0.000000] console [tty1] enabled
[    0.000000] console [ttyS0] enabled
[    0.000000] tsc: Detected 3591.344 MHz processor
[    0.159567] Calibrating delay loop (skipped) preset value.. 7182.68 BogoMIPS (lpj=14365376)
[    0.161573] pid_max: default: 32768 minimum: 301
[    0.162660] ACPI: Core revision 20150930
[    0.164473] ACPI: 2 ACPI AML tables successfully acquired and loaded
[    0.166019] Security Framework initialized
[    0.167038] Yama: becoming mindful.
[    0.167924] AppArmor: AppArmor initialized
[    0.168988] Dentry cache hash table entries: 131072 (order: 8, 1048576 bytes)
[    0.171575] Inode-cache hash table entries: 65536 (order: 7, 524288 bytes)
[    0.172773] Mount-cache hash table entries: 2048 (order: 2, 16384 bytes)
[    0.173880] Mountpoint-cache hash table entries: 2048 (order: 2, 16384 bytes)
[    0.175244] Initializing cgroup subsys io
[    0.176010] Initializing cgroup subsys memory
[    0.176822] Initializing cgroup subsys devices
[    0.177723] Initializing cgroup subsys freezer
[    0.178610] Initializing cgroup subsys net_cls
[    0.179443] Initializing cgroup subsys perf_event
[    0.180517] Initializing cgroup subsys net_prio
[    0.181503] Initializing cgroup subsys hugetlb
[    0.182338] Initializing cgroup subsys pids
[    0.183220] mce: CPU supports 0 MCE banks
[    0.183989] Last level iTLB entries: 4KB 512, 2MB 8, 4MB 8
[    0.184923] Last level dTLB entries: 4KB 512, 2MB 32, 4MB 32, 1GB 0
[    0.185969] Spectre V1 : Mitigation: usercopy/swapgs barriers and __user pointer sanitization
[    0.187496] Spectre V2 : Mitigation: Full generic retpoline
[    0.188441] Spectre V2 : Spectre v2 / SpectreRSB mitigation: Filling RSB on context switch
[    0.190198] Speculative Store Bypass: Vulnerable
[    0.191213] MDS: Mitigation: Clear CPU buffers
[    0.194708] Freeing SMP alternatives memory: 36K
[    0.201577] ftrace: allocating 32380 entries in 127 pages
[    0.261174] smpboot: APIC(0) Converting physical 0 to logical package 0
[    0.262369] smpboot: Max logical packages: 1
[    0.263466] x2apic enabled
[    0.264658] Switched APIC routing to physical x2apic.
[    0.266558] ..TIMER: vector=0x30 apic1=0 pin1=2 apic2=-1 pin2=-1
[    0.375918] smpboot: CPU0: Intel(R) Xeon(R) CPU E5-1620 0 @ 3.60GHz (family: 0x6, model: 0x2d, stepping: 0x7)
[    0.378219] Performance Events: unsupported p6 CPU model 45 no PMU driver, software events only.
[    0.390064] KVM setup paravirtual spinlock
[    0.391621] x86: Booting SMP configuration:
[    0.392525] .... node  #0, CPUs:      #1
[    0.393526] kvm-clock: cpu 1, msr 0:3ffe3041, secondary cpu clock
[    0.394905] mce: CPU supports 0 MCE banks
[    0.397659] x86: Booted up 1 node, 2 CPUs
[    0.398807] smpboot: Total of 2 processors activated (14365.37 BogoMIPS)
[    0.400696] devtmpfs: initialized
[    0.402927] evm: security.selinux
[    0.403778] evm: security.SMACK64
[    0.404649] evm: security.SMACK64EXEC
[    0.405567] evm: security.SMACK64TRANSMUTE
[    0.406557] evm: security.SMACK64MMAP
[    0.407462] evm: security.ima
[    0.408258] evm: security.capability
[    0.409328] clocksource: jiffies: mask: 0xffffffff max_cycles: 0xffffffff, max_idle_ns: 7645041785100000 ns
[    0.411550] futex hash table entries: 512 (order: 3, 32768 bytes)
[    0.413065] pinctrl core: initialized pinctrl subsystem
[    0.414369] RTC time:  4:28:23, date: 12/30/21
[    0.415597] NET: Registered protocol family 16
[    0.428233] cpuidle: using governor ladder
[    0.440679] cpuidle: using governor menu
[    0.442330] PCCT header not found.
[    0.443955] ACPI: bus type PCI registered
[    0.445723] acpiphp: ACPI Hot Plug PCI Controller Driver version: 0.5
[    0.448466] PCI: Using configuration type 1 for base access
[    0.464911] ACPI: Added _OSI(Module Device)
[    0.466411] ACPI: Added _OSI(Processor Device)
[    0.467992] ACPI: Added _OSI(3.0 _SCP Extensions)
[    0.469721] ACPI: Added _OSI(Processor Aggregator Device)
[    0.472621] ACPI: Executed 1 blocks of module-level executable AML code
[    0.477475] ACPI: Interpreter enabled
[    0.478275] ACPI: (supports S0 S5)
[    0.479023] ACPI: Using IOAPIC for interrupt routing
[    0.480196] PCI: Using host bridge windows from ACPI; if necessary, use "pci=nocrs" and report a bug
[    0.485289] ACPI: PCI Root Bridge [PCI0] (domain 0000 [bus 00-ff])
[    0.486522] acpi PNP0A03:00: _OSC: OS supports [ASPM ClockPM Segments MSI]
[    0.488099] acpi PNP0A03:00: _OSC: not requesting OS control; OS requires [ExtendedConfig ASPM ClockPM MSI]
[    0.490201] acpi PNP0A03:00: fail to add MMCONFIG information, can't access extended PCI configuration space under this bridge.
[    0.492702] PCI host bridge to bus 0000:00
[    0.493734] pci_bus 0000:00: root bus resource [io  0x0000-0x0cf7 window]
[    0.495135] pci_bus 0000:00: root bus resource [io  0x0d00-0xffff window]
[    0.496526] pci_bus 0000:00: root bus resource [mem 0x000a0000-0x000bffff window]
[    0.498271] pci_bus 0000:00: root bus resource [mem 0x40000000-0xfdffffff window]
[    0.499866] pci_bus 0000:00: root bus resource [bus 00-ff]
[    0.502492] pci 0000:00:01.1: legacy IDE quirk: reg 0x10: [io  0x01f0-0x01f7]
[    0.503681] pci 0000:00:01.1: legacy IDE quirk: reg 0x14: [io  0x03f6]
[    0.504787] pci 0000:00:01.1: legacy IDE quirk: reg 0x18: [io  0x0170-0x0177]
[    0.505972] pci 0000:00:01.1: legacy IDE quirk: reg 0x1c: [io  0x0376]
[    0.528931] pci 0000:00:07.0: quirk: [io  0x4000-0x403f] claimed by PIIX4 ACPI
[    0.530583] pci 0000:00:07.0: quirk: [io  0x4100-0x410f] claimed by PIIX4 SMB
[    0.541661] ACPI: PCI Interrupt Link [LNKA] (IRQs 5 9 10 *11)
[    0.543564] ACPI: PCI Interrupt Link [LNKB] (IRQs 5 9 *10 11)
[    0.545362] ACPI: PCI Interrupt Link [LNKC] (IRQs 5 *9 10 11)
[    0.546989] ACPI: PCI Interrupt Link [LNKD] (IRQs 5 9 10 *11)
[    0.548686] ACPI: Enabled 2 GPEs in block 00 to 07
[    0.550168] vgaarb: setting as boot device: PCI:0000:00:02.0
[    0.551309] vgaarb: device added: PCI:0000:00:02.0,decodes=io+mem,owns=io+mem,locks=none
[    0.552950] vgaarb: loaded
[    0.553625] vgaarb: bridge control possible 0000:00:02.0
[    0.554968] SCSI subsystem initialized
[    0.555976] ACPI: bus type USB registered
[    0.556763] usbcore: registered new interface driver usbfs
[    0.557716] usbcore: registered new interface driver hub
[    0.558638] usbcore: registered new device driver usb
[    0.560373] PCI: Using ACPI for IRQ routing
[    0.561521] NetLabel: Initializing
[    0.562223] NetLabel:  domain hash size = 128
[    0.563111] NetLabel:  protocols = UNLABELED CIPSOv4
[    0.564028] NetLabel:  unlabeled traffic allowed by default
[    0.565202] amd_nb: Cannot enumerate AMD northbridges
[    0.566173] clocksource: Switched to clocksource kvm-clock
[    0.573721] AppArmor: AppArmor Filesystem Enabled
[    0.575063] pnp: PnP ACPI init
[    0.576606] pnp: PnP ACPI: found 3 devices
[    0.586324] clocksource: acpi_pm: mask: 0xffffff max_cycles: 0xffffff, max_idle_ns: 2085701024 ns
[    0.588591] NET: Registered protocol family 2
[    0.589863] TCP established hash table entries: 8192 (order: 4, 65536 bytes)
[    0.591625] TCP bind hash table entries: 8192 (order: 5, 131072 bytes)
[    0.593159] TCP: Hash tables configured (established 8192 bind 8192)
[    0.594685] UDP hash table entries: 512 (order: 2, 16384 bytes)
[    0.596072] UDP-Lite hash table entries: 512 (order: 2, 16384 bytes)
[    0.597586] NET: Registered protocol family 1
[    0.598689] pci 0000:00:00.0: Limiting direct PCI/PCI transfers
[    0.600104] pci 0000:00:01.0: Activating ISA DMA hang workarounds
[    0.601674] Unpacking initramfs...
[    0.789413] Freeing initrd memory: 14888K
[    0.790650] RAPL PMU detected, API unit is 2^-32 Joules, 3 fixed counters 10737418240 ms ovfl timer
[    0.792822] hw unit of domain pp0-core 2^-0 Joules
[    0.793990] hw unit of domain package 2^-0 Joules
[    0.795170] hw unit of domain dram 2^-0 Joules
[    0.796253] clocksource: tsc: mask: 0xffffffffffffffff max_cycles: 0x33c462b4bad, max_idle_ns: 440795335844 ns
[    0.798640] platform rtc_cmos: registered platform RTC device (no PNP device found)
[    0.800555] Scanning for low memory corruption every 60 seconds
[    0.802445] audit: initializing netlink subsys (disabled)
[    0.803766] audit: type=2000 audit(1640838508.782:1): initialized
[    0.805447] Initialise system trusted keyring
[    0.806715] HugeTLB registered 2 MB page size, pre-allocated 0 pages
[    0.809353] zbud: loaded
[    0.810401] VFS: Disk quotas dquot_6.6.0
[    0.811416] VFS: Dquot-cache hash table entries: 512 (order 0, 4096 bytes)
[    0.813205] squashfs: version 4.0 (2009/01/31) Phillip Lougher
[    0.814907] fuse init (API version 7.23)
[    0.816101] Key type big_key registered
[    0.817103] Allocating IMA MOK and blacklist keyrings.
[    0.819697] Key type asymmetric registered
[    0.820723] Asymmetric key parser 'x509' registered
[    0.821936] Block layer SCSI generic (bsg) driver version 0.4 loaded (major 249)
[    0.823903] io scheduler noop registered
[    0.824929] io scheduler deadline registered (default)
[    0.826222] io scheduler cfq registered
[    0.827281] pci_hotplug: PCI Hot Plug PCI Core version: 0.5
[    0.828616] pciehp: PCI Express Hot Plug Controller Driver version: 0.4
[    0.830272] ACPI: AC Adapter [AC] (on-line)
[    0.831366] input: Power Button as /devices/LNXSYSTM:00/LNXPWRBN:00/input/input0
[    0.833219] ACPI: Power Button [PWRF]
[    0.834236] input: Sleep Button as /devices/LNXSYSTM:00/LNXSLPBN:00/input/input1
[    0.836062] ACPI: Sleep Button [SLPF]
[    0.837192] GHES: HEST is not enabled!
[    0.838284] Serial: 8250/16550 driver, 32 ports, IRQ sharing enabled
[    0.860228] 00:02: ttyS0 at I/O 0x3f8 (irq = 4, base_baud = 115200) is a 16550A
[    0.864606] Linux agpgart interface v0.103
[    0.867372] loop: module loaded
[    0.868716] scsi host0: ata_piix
[    0.869725] scsi host1: ata_piix
[    0.870642] ata1: PATA max UDMA/33 cmd 0x1f0 ctl 0x3f6 bmdma 0xd000 irq 14
[    0.872192] ata2: PATA max UDMA/33 cmd 0x170 ctl 0x376 bmdma 0xd008 irq 15
[    0.873836] libphy: Fixed MDIO Bus: probed
[    0.874924] tun: Universal TUN/TAP device driver, 1.6
[    0.876145] tun: (C) 1999-2004 Max Krasnyansky <maxk@qualcomm.com>
[    0.877694] PPP generic driver version 2.4.2
[    0.878917] ehci_hcd: USB 2.0 'Enhanced' Host Controller (EHCI) Driver
[    0.880430] ehci-pci: EHCI PCI platform driver
[    0.881483] ehci-platform: EHCI generic platform driver
[    0.882448] ohci_hcd: USB 1.1 'Open' Host Controller (OHCI) Driver
[    0.883507] ohci-pci: OHCI PCI platform driver
[    0.884352] ohci-platform: OHCI generic platform driver
[    0.885314] uhci_hcd: USB Universal Host Controller Interface driver
[    0.886696] i8042: PNP: PS/2 Controller [PNP0303:PS2K,PNP0f03:PS2M] at 0x60,0x64 irq 1,12
[    0.888601] serio: i8042 KBD port at 0x60,0x64 irq 1
[    0.889475] serio: i8042 AUX port at 0x60,0x64 irq 12
[    0.890598] mousedev: PS/2 mouse device common for all mice
[    0.891882] input: AT Translated Set 2 keyboard as /devices/platform/i8042/serio0/input/input2
[    0.893854] rtc_cmos rtc_cmos: rtc core: registered rtc_cmos as rtc0
[    0.894948] rtc_cmos rtc_cmos: alarms up to one day, 114 bytes nvram
[    0.895971] i2c /dev entries driver
[    0.896678] device-mapper: uevent: version 1.0.3
[    0.897689] device-mapper: ioctl: 4.34.0-ioctl (2015-10-28) initialised: dm-devel@redhat.com
[    0.899546] ledtrig-cpu: registered to indicate activity on CPUs
[    0.901195] NET: Registered protocol family 10
[    0.902372] NET: Registered protocol family 17
[    0.903366] Key type dns_resolver registered
[    0.904852] registered taskstats version 1
[    0.905776] Loading compiled-in X.509 certificates
[    0.907500] Loaded X.509 cert 'Build time autogenerated kernel key: cf00e047681d67edb2720680708b7d9498083038'
[    0.909572] zswap: loaded using pool lzo/zbud
[    0.913590] Key type trusted registered
[    0.918700] Key type encrypted registered
[    0.919625] AppArmor: AppArmor sha1 policy hashing enabled
[    0.920748] ima: No TPM chip found, activating TPM-bypass!
[    0.921759] ima: Allocated hash algorithm: sha1
[    0.922589] evm: HMAC attrs: 0x1
[    0.923560]   Magic number: 1:640:465
[    0.924428] rtc_cmos rtc_cmos: setting system clock to 2021-12-30 04:28:24 UTC (1640838504)
[    0.926262] BIOS EDD facility v0.16 2004-Jun-25, 0 devices found
[    0.927674] EDD information not available.
[    1.054393] Freeing unused kernel memory: 1492K
[    1.055879] Write protecting the kernel read-only data: 14336k
[    1.058152] Freeing unused kernel memory: 1584K
[    1.059509] Freeing unused kernel memory: 52K
Loading, please wait...
starting version 229
[    1.078909] random: systemd-udevd: uninitialized urandom read (16 bytes read, 2 bits of entropy available)
[    1.080135] random: udevadm: uninitialized urandom read (16 bytes read, 2 bits of entropy available)
[    1.080185] random: udevadm: uninitialized urandom read (16 bytes read, 2 bits of entropy available)
[    1.085761] random: systemd-udevd: uninitialized urandom read (16 bytes read, 2 bits of entropy available)
[    1.088048] random: systemd-udevd: uninitialized urandom read (16 bytes read, 2 bits of entropy available)
[    1.090303] random: systemd-udevd: uninitialized urandom read (16 bytes read, 2 bits of entropy available)
[    1.093239] random: systemd-udevd: uninitialized urandom read (16 bytes read, 2 bits of entropy available)
[    1.095344] random: systemd-udevd: uninitialized urandom read (16 bytes read, 2 bits of entropy available)
[    1.095543] random: udevadm: uninitialized urandom read (16 bytes read, 2 bits of entropy available)
[    1.095598] random: udevadm: uninitialized urandom read (16 bytes read, 2 bits of entropy available)
[    1.162850] e1000: Intel(R) PRO/1000 Network Driver - version 7.3.21-k8-NAPI
[    1.164289] e1000: Copyright (c) 1999-2006 Intel Corporation.
[    1.169075] Fusion MPT base driver 3.04.20
[    1.170042] Copyright (c) 1999-2008 LSI Corporation
[    1.217138] AVX version of gcm_enc/dec engaged.
[    1.218355] AES CTR mode by8 optimization enabled
[    1.219594] Fusion MPT SPI Host driver 3.04.20
[    1.401722] input: ImExPS/2 Generic Explorer Mouse as /devices/platform/i8042/serio1/input/input4
[    1.583358] e1000 0000:00:03.0 eth0: (PCI:33MHz:32-bit) 02:be:82:6b:cc:1d
[    1.584615] e1000 0000:00:03.0 eth0: Intel(R) PRO/1000 Network Connection
[    2.185865] e1000 0000:00:08.0 eth1: (PCI:33MHz:32-bit) 08:00:27:c6:31:65
[    2.187093] e1000 0000:00:08.0 eth1: Intel(R) PRO/1000 Network Connection
[    2.191735] e1000 0000:00:03.0 enp0s3: renamed from eth0
[    2.193595] mptbase: ioc0: Initiating bringup
[    2.206611] e1000 0000:00:08.0 enp0s8: renamed from eth1
[    2.270636] ioc0: LSI53C1030 A0: Capabilities={Initiator}
[    2.436517] scsi host2: ioc0: LSI53C1030 A0, FwRev=00000000h, Ports=1, MaxQ=256, IRQ=20
[    2.551754] scsi 2:0:0:0: Direct-Access     VBOX     HARDDISK         1.0  PQ: 0 ANSI: 5
[    2.557554] scsi target2:0:0: Beginning Domain Validation
[    2.560940] scsi target2:0:0: Domain Validation skipping write tests
[    2.563192] scsi target2:0:0: Ending Domain Validation
[    2.574448] scsi target2:0:0: asynchronous
[    2.575700] scsi 2:0:1:0: Direct-Access     VBOX     HARDDISK         1.0  PQ: 0 ANSI: 5
[    2.577459] scsi target2:0:1: Beginning Domain Validation
[    2.579581] scsi target2:0:1: Domain Validation skipping write tests
[    2.580851] scsi target2:0:1: Ending Domain Validation
[    2.582049] scsi target2:0:1: asynchronous
[    2.588230] sd 2:0:0:0: Attached scsi generic sg0 type 0
[    2.589430] sd 2:0:0:0: [sda] 83886080 512-byte logical blocks: (42.9 GB/40.0 GiB)
[    2.592155] sd 2:0:1:0: Attached scsi generic sg1 type 0
[    2.593412] sd 2:0:1:0: [sdb] 20480 512-byte logical blocks: (10.5 MB/10.0 MiB)
[    2.594296] sd 2:0:0:0: [sda] Write Protect is off
[    2.594412] sd 2:0:0:0: [sda] Incomplete mode parameter data
[    2.594413] sd 2:0:0:0: [sda] Assuming drive cache: write through
[    2.601028] sd 2:0:1:0: [sdb] Write Protect is off
[    2.602497] sd 2:0:1:0: [sdb] Incomplete mode parameter data
[    2.603954] sd 2:0:1:0: [sdb] Assuming drive cache: write through
[    2.619539]  sda: sda1
[    2.621533] sd 2:0:0:0: [sda] Attached SCSI disk
[    2.667042] sd 2:0:1:0: [sdb] Attached SCSI disk
Begin: Loading essential drivers ... [    4.062081] md: linear personality registered for level -1
[    4.065491] md: multipath personality registered for level -4
[    4.068943] md: raid0 personality registered for level 0
[    4.073452] md: raid1 personality registered for level 1
[    4.149926] raid6: sse2x1   gen() 10518 MB/s
[    4.237909] raid6: sse2x1   xor()  7859 MB/s
[    4.312797] raid6: sse2x2   gen() 13158 MB/s
[    4.381032] raid6: sse2x2   xor()  8790 MB/s
[    4.446440] raid6: sse2x4   gen() 13696 MB/s
[    4.521747] raid6: sse2x4   xor() 11369 MB/s
[    4.522778] raid6: using algorithm sse2x4 gen() 13696 MB/s
[    4.523850] raid6: .... xor() 11369 MB/s, rmw enabled
[    4.524878] raid6: using ssse3x2 recovery algorithm
[    4.527430] xor: automatically using best checksumming function:
[    4.566210]    avx       : 23090.000 MB/sec
[    4.568575] async_tx: api initialized (async)
[    4.579096] md: raid6 personality registered for level 6
[    4.580322] md: raid5 personality registered for level 5
[    4.581255] md: raid4 personality registered for level 4
[    4.589155] md: raid10 personality registered for level 10
done.
Begin: Running /scripts/init-premount ... done.
Begin: Mounting root file system ... Begin: Running /scripts/local-top ... done.
Begin: Running /scripts/local-premount ... [    4.621718] Btrfs loaded
Scanning for Btrfs filesystems
done.
Warning: fsck not present, so skipping root file system
[    4.707492] EXT4-fs (sda1): mounted filesystem with ordered data mode. Opts: (null)
done.
Begin: Running /scripts/local-bottom ... done.
Begin: Running /scripts/init-bottom ... done.
[    5.165639] systemd[1]: systemd 229 running in system mode. (+PAM +AUDIT +SELINUX +IMA +APPARMOR +SMACK +SYSVINIT +UTMP +LIBCRYPTSETUP +GCRYPT +GNUTLS +ACL +XZ -LZ4 +SECCOMP +BLKID +ELFUTILS +KMOD -IDN)
[    5.170517] systemd[1]: Detected virtualization oracle.
[    5.172107] systemd[1]: Detected architecture x86-64.

Welcome to [1mUbuntu 16.04.7 LTS[0m!

[    5.315793] systemd[1]: Set hostname to <ubuntu>.
[    5.333831] systemd[1]: Initializing machine ID from random generator.
[    5.335616] systemd[1]: Installed transient /etc/machine-id file.
[    5.929044] random: nonblocking pool is initialized
[    6.125411] systemd[1]: Created slice User and Session Slice.
[[0;32m  OK  [0m] Created slice User and Session Slice.
[    6.128249] systemd[1]: Started Trigger resolvconf update for networkd DNS.
[[0;32m  OK  [0m] Started Trigger resolvconf update for networkd DNS.
[    6.130692] systemd[1]: Set up automount Arbitrary Executable File Formats File System Automount Point.
[[0;32m  OK  [0m] Set up automount Arbitrary Executab...ats File System Automount Point.
[    6.133775] systemd[1]: Listening on Journal Socket.
[[0;32m  OK  [0m] Listening on Journal Socket.
[    6.136584] systemd[1]: Listening on LVM2 metadata daemon socket.
[[0;32m  OK  [0m] Listening on LVM2 metadata daemon socket.
[    6.138521] systemd[1]: Listening on Device-mapper event daemon FIFOs.
[[0;32m  OK  [0m] Listening on Device-mapper event daemon FIFOs.
[    6.140431] systemd[1]: Listening on /dev/initctl Compatibility Named Pipe.
[[0;32m  OK  [0m] Listening on /dev/initctl Compatibility Named Pipe.
[    6.142614] systemd[1]: Listening on LVM2 poll daemon socket.
[[0;32m  OK  [0m] Listening on LVM2 poll daemon socket.
[    6.144470] systemd[1]: Reached target Swap.
[[0;32m  OK  [0m] Reached target Swap.
[    6.146174] systemd[1]: Reached target User and Group Name Lookups.
[[0;32m  OK  [0m] Reached target User and Group Name Lookups.
[    6.148609] systemd[1]: Listening on Journal Socket (/dev/log).
[[0;32m  OK  [0m] Listening on Journal Socket (/dev/log).
[    6.150444] systemd[1]: Started Forward Password Requests to Wall Directory Watch.
[[0;32m  OK  [0m] Started Forward Password Requests to Wall Directory Watch.
[    6.153097] systemd[1]: Reached target Encrypted Volumes.
[[0;32m  OK  [0m] Reached target Encrypted Volumes.
[    6.154971] systemd[1]: Listening on Journal Audit Socket.
[[0;32m  OK  [0m] Listening on Journal Audit Socket.
[    6.156773] systemd[1]: Listening on fsck to fsckd communication Socket.
[[0;32m  OK  [0m] Listening on fsck to fsckd communication Socket.
[    6.158790] systemd[1]: Reached target System Time Synchronized.
[[0;32m  OK  [0m] Reached target System Time Synchronized.
[    6.160549] systemd[1]: Listening on Syslog Socket.
[[0;32m  OK  [0m] Listening on Syslog Socket.
[    6.162727] systemd[1]: Created slice System Slice.
[[0;32m  OK  [0m] Created slice System Slice.
[    6.174550] systemd[1]: Starting File System Check on Root Device...
         Starting File System Check on Root Device...
[    6.179663] systemd[1]: Starting Create list of required static device nodes for the current kernel...
         Starting Create list of required st... nodes for the current kernel...
[    6.187078] systemd[1]: Starting Journal Service...
         Starting Journal Service...
[    6.207004] systemd[1]: Reached target Slices.
[[0;32m  OK  [0m] Reached target Slices.
[    6.212108] systemd[1]: Created slice system-serial\x2dgetty.slice.
[[0;32m  OK  [0m] Created slice system-serial\x2dgetty.slice.
[    6.230487] systemd[1]: Starting Nameserver information manager...
         Starting Nameserver information manager...
[    6.236739] systemd[1]: Mounting Huge Pages File System...
         Mounting Huge Pages File System...
[    6.242386] systemd[1]: Mounting POSIX Message Queue File System...
         Mounting POSIX Message Queue File System...
[    6.246785] systemd[1]: Starting Uncomplicated firewall...
         Starting Uncomplicated firewall...
[    6.249606] systemd[1]: Starting Monitoring of LVM2 mirrors, snapshots etc. using dmeventd or progress polling...
         Starting Monitoring of LVM2 mirrors... dmeventd or progress polling...
[    6.259261] systemd[1]: Mounting Debug File System...
         Mounting Debug File System...
[    6.261971] systemd[1]: Starting Set console keymap...
         Starting Set console keymap...
[    6.264652] systemd[1]: Listening on udev Control Socket.
[[0;32m  OK  [0m] Listening on udev Control Socket.
[    6.280291] systemd[1]: Starting Load Kernel Modules...
         Starting Load Kernel Modules...
[    6.282090] systemd[1]: Listening on udev Kernel Socket.
[[0;32m  OK  [0m] Listening on udev Kernel Socket.
[    6.286691] systemd[1]: Mounted Huge Pages File System.
[[0;32m  OK  [0m] Mounted Huge Pages File System.
[    6.288870] systemd[1]: Mounted POSIX Message Queue File System.
[[0;32m  OK  [0m] Mounted POSIX Message Queue File System.
[    6.290889] systemd[1]: Mounted Debug File System.
[[0;32m  OK  [0m] Mounted Debug File System.
[    6.293300] systemd[1]: Started Create list of required static device nodes for the current kernel.
[[0;32m  OK  [0m] Started Create list of required sta...ce nodes for the current kernel.
[    6.297839] systemd[1]: Started Uncomplicated firewall.
[[0;32m  OK  [0m] Started Uncomplicated firewall.
[    6.301987] systemd[1]: Started File System Check Daemon to report status.
[[0;32m  OK  [0m] Started File System Check Daemon to report status.
[    6.305095] systemd[1]: Starting Create Static Device Nodes in /dev...
         Starting Create Static Device Nodes in /dev...
[    6.314338] systemd[1]: Started Nameserver information manager.
[[0;32m  OK  [0m] Started Nameserver information manager.
[    6.426899] systemd[1]: Started Journal Service.
[[0;32m  OK  [0m] Started Journal Service.
[    6.434992] Loading iSCSI transport class v2.0-870.
[[0;32m  OK  [0m] Started Set console keymap.
[    6.483722] iscsi: registered transport (tcp)
[[0;32m  OK  [0m] Started LVM2 metadata daemon.
[[0;32m  OK  [0m] Started File System Check on Root Device.
         Starting Remount Root and Kernel File Systems...
[    6.584000] EXT4-fs (sda1): re-mounted. Opts: (null)
[[0;32m  OK  [0m] Started Remount Root and Kernel File Systems.
[    6.613786] iscsi: registered transport (iser)
         Starting udev Coldplug all Devices...
         Starting Flush Journal to Persistent Storage...
         Starting Load/Save Random Seed...
[[0;32m  OK  [0m] Started Load Kernel Modules.
         Mounting FUSE Control File System...
         Starting Apply Kernel Variables...
[[0;32m  OK  [0m] Mounted FUSE Control File System.
[[0;32m  OK  [0m] Started Load/Save Random Seed.
[    6.724446] systemd-journald[371]: Received request to flush runtime journal from PID 1
[[0;32m  OK  [0m] Started Flush Journal to Persistent Storage.
[[0;32m  OK  [0m] Started Create Static Device Nodes in /dev.
         Starting udev Kernel Device Manager...
[[0;32m  OK  [0m] Started Monitoring of LVM2 mirrors,...ng dmeventd or progress polling.
[[0;32m  OK  [0m] Started udev Coldplug all Devices.
[[0;32m  OK  [0m] Reached target Local File Systems (Pre).
[[0;32m  OK  [0m] Reached target Local File Systems.
         Starting Set console font and keymap...
         Starting Create Volatile Files and Directories...
         Starting Initial cloud-init job (pre-networking)...
         Starting LSB: AppArmor initialization...
         Starting Commit a transient machine-id on disk...
         Starting Tell Plymouth To Write Out Runtime Data...
[[0;32m  OK  [0m] Started Apply Kernel Variables.
[[0;32m  OK  [0m] Started Create Volatile Files and Directories.
         Starting Update UTMP about System Boot/Shutdown...
[[0;32m  OK  [0m] Started Commit a transient machine-id on disk.
[[0;32m  OK  [0m] Started Tell Plymouth To Write Out Runtime Data.
[[0;32m  OK  [0m] Started Update UTMP about System Boot/Shutdown.
[[0;32m  OK  [0m] Started udev Kernel Device Manager.
[[0;32m  OK  [0m] Started Dispatch Password Requests to Console Directory Watch.
[[0;32m  OK  [0m] Found device /dev/ttyS0.
[[0;32m  OK  [0m] Started Set console font and keymap.
[[0;32m  OK  [0m] Created slice system-getty.slice.
[[0;32m  OK  [0m] Listening on Load/Save RF Kill Switch Status /dev/rfkill Watch.
[[0;32m  OK  [0m] Started LSB: AppArmor initialization.
         Starting Load AppArmor profiles managed internally by snapd...
[[0;32m  OK  [0m] Started Load AppArmor profiles managed internally by snapd.
[   10.273932] cloud-init[477]: Cloud-init v. 21.1-19-gbad84ad4-0ubuntu1~16.04.2 running 'init-local' at Thu, 30 Dec 2021 04:28:33 +0000. Up 9.70 seconds.
[[0;32m  OK  [0m] Started Initial cloud-init job (pre-networking).
[[0;32m  OK  [0m] Reached target Network (Pre).
         Starting Raise network interfaces...
[[0;32m  OK  [0m] Started Raise network interfaces.
         Starting Initial cloud-init job (metadata service crawler)...
[[0;32m  OK  [0m] Reached target Network.
[   12.766984] cloud-init[961]: Cloud-init v. 21.1-19-gbad84ad4-0ubuntu1~16.04.2 running 'init' at Thu, 30 Dec 2021 04:28:35 +0000. Up 11.60 seconds.
[   12.769956] cloud-init[961]: ci-info: ++++++++++++++++++++++++++++++++++++++Net device info+++++++++++++++++++++++++++++++++++++++
[   12.772451] cloud-init[961]: ci-info: +--------+-------+----------------------------+---------------+--------+-------------------+
[   12.775053] cloud-init[961]: ci-info: | Device |   Up  |          Address           |      Mask     | Scope  |     Hw-Address    |
[   12.784436] cloud-init[961]: ci-info: +--------+-------+----------------------------+---------------+--------+-------------------+
[   12.786728] cloud-init[961]: ci-info: | enp0s3 |  True |         10.0.2.15          | 255.255.255.0 | global | 02:be:82:6b:cc:1d |
[   12.789060] cloud-init[961]: ci-info: | enp0s3 |  True | fe80::be:82ff:fe6b:cc1d/64 |       .       |  link  | 02:be:82:6b:cc:1d |
[   12.791517] cloud-init[961]: ci-info: | enp0s8 | False |             .              |       .       |   .    | 08:00:27:c6:31:65 |
[   12.793098] cloud-init[961]: ci-info: |   lo   |  True |         127.0.0.1          |   255.0.0.0   |  host  |         .         |
[   12.794867] cloud-init[961]: ci-info: |   lo   |  True |          ::1/128           |       .       |  host  |         .         |
[   12.797233] cloud-init[961]: ci-info: +--------+-------+----------------------------+---------------+--------+-------------------+
[   12.799443] cloud-init[961]: ci-info: +++++++++++++++++++++++++++Route IPv4 info++++++++++++++++++++++++++++
[   12.801498] cloud-init[961]: ci-info: +-------+-------------+----------+---------------+-----------+-------+
[   12.803387] cloud-init[961]: ci-info: | Route | Destination | Gateway  |    Genmask    | Interface | Flags |
[   12.805214] cloud-init[961]: ci-info: +-------+-------------+----------+---------------+-----------+-------+
[   12.807007] cloud-init[961]: ci-info: |   0   |   0.0.0.0   | 10.0.2.2 |    0.0.0.0    |   enp0s3  |   UG  |
[   12.808778] cloud-init[961]: ci-info: |   1   |   10.0.2.0  | 0.0.0.0  | 255.255.255.0 |   enp0s3  |   U   |
[   12.810465] cloud-init[961]: ci-info: +-------+-------------+----------+---------------+-----------+-------+
[   12.812367] cloud-init[961]: ci-info: +++++++++++++++++++Route IPv6 info+++++++++++++++++++
[   12.813953] cloud-init[961]: ci-info: +-------+-------------+---------+-----------+-------+
[   12.815489] cloud-init[961]: ci-info: | Route | Destination | Gateway | Interface | Flags |
[   12.817251] cloud-init[961]: ci-info: +-------+-------------+---------+-----------+-------+
[   12.818893] cloud-init[961]: ci-info: |   0   |  fe80::/64  |    ::   |   enp0s3  |   U   |
[   12.820421] cloud-init[961]: ci-info: |   3   |   ff00::/8  |    ::   |   enp0s3  |   U   |
[   12.822005] cloud-init[961]: ci-info: +-------+-------------+---------+-----------+-------+
[   12.823562] cloud-init[961]: Generating public/private rsa key pair.
[   12.824804] cloud-init[961]: Your identification has been saved in /etc/ssh/ssh_host_rsa_key.
[   12.826370] cloud-init[961]: Your public key has been saved in /etc/ssh/ssh_host_rsa_key.pub.
[   12.832546] cloud-init[961]: The key fingerprint is:
[   12.833555] cloud-init[961]: SHA256:W1Ou3v+o5Vyi6H3epM3O3T+aAadntkZXFqfUGskbr5k root@ubuntu-xenial
[   12.835560] cloud-init[961]: The key's randomart image is:
[   12.836805] cloud-init[961]: +---[RSA 2048]----+
[   12.837854] cloud-init[961]: |             . o |
[   12.839034] cloud-init[961]: |              *.o|
[   12.840718] cloud-init[961]: |            .. Bo|
[   12.848516] cloud-init[961]: |           o  + +|
[   12.849402] cloud-init[961]: |        S o... =.|
[   12.850409] cloud-init[961]: |         o o+.E. |
[   12.851308] cloud-init[961]: |        . ...=+ o|
[   12.852266] cloud-init[961]: |         . ++*=%o|
[   12.853150] cloud-init[961]: |         .+ *OOo&|
[   12.854045] cloud-init[961]: +----[SHA256]-----+
[   12.854928] cloud-init[961]: Generating public/private dsa key pair.
[   12.855925] cloud-init[961]: Your identification has been saved in /etc/ssh/ssh_host_dsa_key.
[   12.857168] cloud-init[961]: Your public key has been saved in /etc/ssh/ssh_host_dsa_key.pub.
[   12.858547] cloud-init[961]: The key fingerprint is:
[   12.859659] cloud-init[961]: SHA256:j3yrAtffaCaL6XfqOK3+fkXPoCypSeAIZA8kGPJ5q84 root@ubuntu-xenial
[   12.860969] cloud-init[961]: The key's randomart image is:
[   12.861921] cloud-init[961]: +---[DSA 1024]----+
[   12.868689] cloud-init[961]: |*o               |
[   12.876344] cloud-init[961]: |+= .             |
[   12.877274] cloud-init[961]: |o = .            |
[[0;32m  OK  [0m] Started Initial cloud-init job (metadata service crawler).
[[0;32m  OK  [0m] Reached target System Initialization.
[[0;32m  OK  [0m] Started Ubuntu Advantage update messaging.
[[0;32m  OK  [0m] Listening on D-Bus System Message Bus Socket.
[   12.881627] cloud-init[961]: |.  o..      o    |
[   12.895433] cloud-init[961]: | . o.. .So o +   |
[   12.896801] cloud-init[961]: |  ..o o.+oo . o  |
[   12.898290] cloud-init[961]: |  .  + +ooo+     |
[[0;32m  OK  [0m] Started ACPI Events Check.
[[0;32m  OK  [0m] Reached target Paths.
[   12.899817] cloud-init[961]: | o    =++.B..    |
[   12.902813] cloud-init[961]: |  E  oBOBX.      |
[   12.904134] cloud-init[961]: +----[SHA256]-----+
[   12.905218] cloud-init[961]: Generating public/private ecdsa key pair.
[   12.906646] cloud-init[961]: Your identification has been saved in /etc/ssh/ssh_host_ecdsa_key.
[   12.908666] cloud-init[961]: Your public key has been saved in /etc/ssh/ssh_host_ecdsa_key.pub.
[   12.910189] cloud-init[961]: The key fingerprint is:
[   12.911278] cloud-init[961]: SHA256:Fa6FjOaUt6EtZJdk6aa6NwRZ6gT7EKF2g2wxRZNRuKI root@ubuntu-xenial
         Starting LXD - unix socket.
         Starting Socket activation for snappy daemon.
[   12.922234] [[0;32m  OK  [0m] Listening on UUID daemon activation socket.
[[0;32m  OK  [0m] Started Daily apt download activities.
cloud-init[[0;32m  OK  [0m] Listening on ACPID Listen Socket.
[[0;32m  OK  [0m] Started Message of the Day.
[[0;32m  OK  [0m] Started Daily apt upgrade and clean activities.
[[0;32m  OK  [0m] Started Daily Cleanup of Temporary Directories.
[[0;32m  OK  [0m] Reached target Timers.
[[0;32m  OK  [0m] Reached target Network is Online.
[961]: The key's randomart image is:
[   12.932038] cloud-init[961]: +---[ECDSA 256]---+
[   12.933343] cloud-init[961]: | o+*=.  o..      |
[   12.934608] cloud-init[961]: |..*o. .*.+ .     |
[   12.935743] cloud-init[961]: |.= *.+B.B +      |
[   12.936923] cloud-init[961]: |o.+.** =o*       |
[   12.938032] cloud-init[961]: |. .= .+oS        |
[   12.939576] cloud-init[961]: |E   o o.         |
[   12.941563] cloud-init[961]: |     o           |
[   12.943240] cloud-init[961]: |    . o          |         Starting iSCSI initiator daemon (iscsid)...
[[0;32m  OK  [0m] Reached target Cloud-config availability.

[   12.946549] [[0;32m  OK  [0m] Listening on LXD - unix socket.
cloud-init[961]: |    .o .         |
[   12.948125] [[0;32m  OK  [0m] Listening on Socket activation for snappy daemon.
[[0;32m  OK  [0m] Reached target Sockets.
[[0;32m  OK  [0m] Reached target Basic System.
cloud-init[961]: +----[SHA256]-----+
[   12.952444] cloud-init[961]: Generating public/private ed25519 key pair.
[   12.953693] [[0;32m  OK  [0m] Started Deferred execution scheduler.
cloud-init[961]: Your identification has been saved in /etc/ssh/ssh_host_ed25519_key.         Starting /etc/rc.local Compatibility...

[   12.956274] cloud-init[[0;32m  OK  [0m] Started D-Bus System Message Bus.
[961]: Your public key has been saved in /etc/ssh/ssh_host_ed25519_key.pub.
[   12.958871] cloud-init[961]: The key fingerprint is:
[   12.959787] cloud-init[961]: SHA256:NZmfMIahtGve7rVe4gTBVTXcJuivP/AYcWRW0nwSqpY root@ubuntu-xenial
[   12.968404] cloud-init[961]: The key's randomart image is:
[   12.971068] cloud-init[961]: +--[ED25519 256]--+
[   12.971949] cloud-init[961]: |      . . ...+=*.|
[   12.980439] cloud-init[961]: |     . + + o..Bo*|
[   12.982145] cloud-init[961]: |      o + O..+ +.|
[   12.983942] cloud-init[961]: |       . + Bo..  |
[   12.985690] cloud-init[961]: |      o S E o+   |
[   12.992406] cloud-init[961]: |     o . o  o .  |
[   12.993272] cloud-init[961]: |      . . + .*   |
[   12.994463] cloud-init[961]: |       . + +o o  |
[   12.995557] cloud-init[961]: |       .o.+  ... |
[   12.996720] cloud-init[961]: +----[SHA256]-----+
         Starting Virtualbox guest utils...
         Starting LSB: Record successful boot for GRUB...
         Starting Snap Daemon...
         Starting Pollinate to seed the pseudo random number generator...
[[0;32m  OK  [0m] Started ACPI event daemon.
[[0;32m  OK  [0m] Started Regular background program processing daemon.
         Starting LSB: MD monitoring daemon...
         Starting Accounts Service...
         Starting System Logging Service...
         Starting Login Service...
[[0;32m  OK  [0m] Started FUSE filesystem for LXC.
         Starting LXD - container startup/shutdown...
[[0;32m  OK  [0m] Started /etc/rc.local Compatibility.
[[0;32m  OK  [0m] Started iSCSI initiator daemon (iscsid).
         Starting Login to default iSCSI targets...
[[0;32m  OK  [0m] Started Login Service.
[[0;32m  OK  [0m] Started Unattended Upgrades Shutdown.
[[0;32m  OK  [0m] Started LSB: Record successful boot for GRUB.
[[0;32m  OK  [0m] Started Login to default iSCSI targets.
[[0;32m  OK  [0m] Reached target Remote File Systems (Pre).
[[0;32m  OK  [0m] Reached target Remote File Systems.
         Starting LSB: Set the CPU Frequency Scaling governor to "ondemand"...
         Starting Permit User Sessions...
         Starting LSB: automatic crash report generation...
         Starting LSB: daemon to balance interrupts for SMP systems...
[[0;32m  OK  [0m] Started LSB: MD monitoring daemon.
[[0;32m  OK  [0m] Started LSB: Set the CPU Frequency Scaling governor to "ondemand".
[[0;32m  OK  [0m] Started Permit User Sessions.
         Starting Terminate Plymouth Boot Screen...
         Starting Hold until boot process finishes up...
[[0;32m  OK  [0m] Started Hold until boot process finishes up.
[[0;32m  OK  [0m] Started Terminate Plymouth Boot Screen.
         Starting Set console scheme...
[[0;32m  OK  [0m] Started Getty on tty1.
[[0;32m  OK  [0m] Started Serial Getty on ttyS0.
[[0;32m  OK  [0m] Reached target Login Prompts.
[[0;32m  OK  [0m] Started Set console scheme.
[[0;32m  OK  [0m] Started System Logging Service.
[[0;32m  OK  [0m] Started LSB: automatic crash report generation.
[[0;32m  OK  [0m] Started LSB: daemon to balance interrupts for SMP systems.
[[0;32m  OK  [0m] Started Virtualbox guest utils.
         Starting Authenticate and Authorize Users to Run Privileged Tasks...
[[0;32m  OK  [0m] Started Authenticate and Authorize Users to Run Privileged Tasks.
[[0;32m  OK  [0m] Started Accounts Service.
[[0;32m  OK  [0m] Started Pollinate to seed the pseudo random number generator.
         Starting OpenBSD Secure Shell server...
[[0;32m  OK  [0m] Started LXD - container startup/shutdown.
[[0;32m  OK  [0m] Started OpenBSD Secure Shell server.
[[0;32m  OK  [0m] Started Snap Daemon.
         Starting Wait until snapd is fully seeded...
[[0;32m  OK  [0m] Created slice User Slice of vagrant.
         Starting User Manager for UID 1000...
[[0;32m  OK  [0m] Started Session 1 of user vagrant.
[[0;32m  OK  [0m] Started User Manager for UID 1000.
[[0;32m  OK  [0m] Started Wait until snapd is fully seeded.
         Starting Apply the settings specified in cloud-config...
[[0;32m  OK  [0m] Reached target Multi-User System.
[[0;32m  OK  [0m] Reached target Graphical Interface.
         Starting Update UTMP about System Runlevel Changes...
[[0;32m  OK  [0m] Started Update UTMP about System Runlevel Changes.
[[0;32m  OK  [0m] Started Session 2 of user vagrant.
[   19.463389] cloud-init[1496]: Generating locales (this might take a while)...

Ubuntu 16.04.7 LTS web01 ttyS0

web01 login: [   20.413940] cloud-init[1496]:   en_US.UTF-8... done
[   20.414890] cloud-init[1496]: Generation complete.
[   21.619161] cloud-init[1496]: Cloud-init v. 21.1-19-gbad84ad4-0ubuntu1~16.04.2 running 'modules:config' at Thu, 30 Dec 2021 04:28:43 +0000. Up 19.28 seconds.
ci-info: no authorized SSH keys fingerprints found for user ubuntu.
<14>Dec 30 04:28:46 ec2: 
<14>Dec 30 04:28:46 ec2: #############################################################
<14>Dec 30 04:28:46 ec2: -----BEGIN SSH HOST KEY FINGERPRINTS-----
<14>Dec 30 04:28:46 ec2: 1024 SHA256:j3yrAtffaCaL6XfqOK3+fkXPoCypSeAIZA8kGPJ5q84 root@ubuntu-xenial (DSA)
<14>Dec 30 04:28:46 ec2: 256 SHA256:Fa6FjOaUt6EtZJdk6aa6NwRZ6gT7EKF2g2wxRZNRuKI root@ubuntu-xenial (ECDSA)
<14>Dec 30 04:28:46 ec2: 256 SHA256:NZmfMIahtGve7rVe4gTBVTXcJuivP/AYcWRW0nwSqpY root@ubuntu-xenial (ED25519)
<14>Dec 30 04:28:46 ec2: 2048 SHA256:W1Ou3v+o5Vyi6H3epM3O3T+aAadntkZXFqfUGskbr5k root@ubuntu-xenial (RSA)
<14>Dec 30 04:28:46 ec2: -----END SSH HOST KEY FINGERPRINTS-----
<14>Dec 30 04:28:46 ec2: #############################################################
-----BEGIN SSH HOST KEY KEYS-----
ecdsa-sha2-nistp256 AAAAE2VjZHNhLXNoYTItbmlzdHAyNTYAAAAIbmlzdHAyNTYAAABBBL0OIRE5BDhenE6bTlKKu5DZIdW3bLzWqMj0Hd03Ziu8//hiIupWsD5OH3FDxFzsf1Pcw1RBglIpVipj8hA2iig= root@ubuntu-xenial
ssh-ed25519 AAAAC3NzaC1lZDI1NTE5AAAAIInYc7Yfi4wrtwY9cg4ur5w2mF9eMlJHz7yYIjh4IMNh root@ubuntu-xenial
ssh-rsa AAAAB3NzaC1yc2EAAAADAQABAAABAQDf/Xmxpjf/YHGHlq+kwvhWCSi4Xez2EKG+h2B+dXfQ+QHSls9EI9zpR2hqGnSnpnI+IDxm7egszu+7bajDSHhvOq5U5sAP56sv32DEg84U2PzLWUQhBgOgumkuVBZLwobuY28mzAyh4a/A4Eqjrb3hHpLsFew64yGZyvDxN9J16Pj5qCdosxzDNmd+B1qFQ5s4sRXCir53/FdRPGd4zvoIMq9GCEbQM8gfjzSQJ+mu/R2aRow6o/copaJrk69FtvZ48/yFPGbRC6DC9bwyYb7hgZ81Opt/+PnJ91KsEWpcXK3PN8Zo61h3cBE7Ima0PAptTQqCDHMJlR7bmngvC9GZ root@ubuntu-xenial
-----END SSH HOST KEY KEYS-----
[   22.277310] cloud-init[1807]: Cloud-init v. 21.1-19-gbad84ad4-0ubuntu1~16.04.2 running 'modules:final' at Thu, 30 Dec 2021 04:28:45 +0000. Up 22.05 seconds.
[   22.279063] cloud-init[1807]: ci-info: no authorized SSH keys fingerprints found for user ubuntu.
[   22.280358] cloud-init[1807]: Cloud-init v. 21.1-19-gbad84ad4-0ubuntu1~16.04.2 finished at Thu, 30 Dec 2021 04:28:46 +0000. Datasource DataSourceNoCloud [seed=/dev/sdb][dsmode=net].  Up 22.26 seconds
